Log file open, 01/11/19 17:05:57
LogWindows: Failed to load 'aqProf.dll' (GetLastError=126)
LogWindows: File 'aqProf.dll' does not exist
LogWindows: Failed to load 'VtuneApi.dll' (GetLastError=126)
LogWindows: File 'VtuneApi.dll' does not exist
LogWindows: Failed to load 'VtuneApi32e.dll' (GetLastError=126)
LogWindows: File 'VtuneApi32e.dll' does not exist
LogConsoleResponse: Display: Failed to find resolution value strings in scalability ini. Falling back to default.
LogInit: Display: Running engine for game: FPSGame
LogPakFile: Registered encryption key '00000000000000000000000000000000': 0 pak files mounted, 0 remain pending
LogPlatformFile: Not using cached read wrapper
LogTaskGraph: Started task graph with 5 named threads and 35 total threads with 3 sets of task threads.
LogStats: Stats thread started at 0.388782
LogD3D11RHI: Loaded GFSDK_Aftermath_Lib.x64.dll
LogICUInternationalization: ICU TimeZone Detection - Raw Offset: +10:00, Platform Override: ''
LogPluginManager: Mounting plugin Paper2D
LogPluginManager: Mounting plugin AISupport
LogPluginManager: Mounting plugin LightPropagationVolume
LogPluginManager: Mounting plugin ActorLayerUtilities
LogPluginManager: Mounting plugin CLionSourceCodeAccess
LogPluginManager: Mounting plugin CodeLiteSourceCodeAccess
LogPluginManager: Mounting plugin GitSourceControl
LogPluginManager: Mounting plugin KDevelopSourceCodeAccess
LogPluginManager: Mounting plugin NullSourceCodeAccess
LogPluginManager: Mounting plugin PerforceSourceControl
LogPluginManager: Mounting plugin SubversionSourceControl
LogPluginManager: Mounting plugin UObjectPlugin
LogPluginManager: Mounting plugin VisualStudioCodeSourceCodeAccess
LogPluginManager: Mounting plugin VisualStudioSourceCodeAccess
LogPluginManager: Mounting plugin XCodeSourceCodeAccess
LogPluginManager: Mounting plugin AssetManagerEditor
LogPluginManager: Mounting plugin CryptoKeys
LogPluginManager: Mounting plugin DataValidation
LogPluginManager: Mounting plugin FacialAnimation
LogPluginManager: Mounting plugin GameplayTagsEditor
LogPluginManager: Mounting plugin MacGraphicsSwitching
LogPluginManager: Mounting plugin MeshEditor
LogPluginManager: Mounting plugin MobileLauncherProfileWizard
LogPluginManager: Mounting plugin PluginBrowser
LogPluginManager: Mounting plugin SpeedTreeImporter
LogPluginManager: Mounting plugin DatasmithContent
LogPluginManager: Mounting plugin VariantManagerContent
LogPluginManager: Mounting plugin AlembicImporter
LogPluginManager: Mounting plugin AppleImageUtils
LogPluginManager: Mounting plugin AppleVision
LogPluginManager: Mounting plugin BackChannel
LogPluginManager: Mounting plugin CharacterAI
LogPluginManager: Mounting plugin GeometryCache
LogPluginManager: Mounting plugin HTML5Networking
LogPluginManager: Mounting plugin ProxyLODPlugin
LogPluginManager: Mounting plugin MagicLeap
LogPluginManager: Mounting plugin MagicLeapMedia
LogPluginManager: Mounting plugin AndroidMedia
LogPluginManager: Mounting plugin AvfMedia
LogPluginManager: Mounting plugin ImgMedia
LogPluginManager: Mounting plugin LinearTimecode
LogPluginManager: Mounting plugin MediaCompositing
LogPluginManager: Mounting plugin MediaPlayerEditor
LogPluginManager: Mounting plugin WebMMedia
LogPluginManager: Mounting plugin WmfMedia
LogPluginManager: Mounting plugin TcpMessaging
LogPluginManager: Mounting plugin UdpMessaging
LogPluginManager: Mounting plugin ActorSequence
LogPluginManager: Mounting plugin LevelSequenceEditor
LogPluginManager: Mounting plugin MatineeToLevelSequence
LogPluginManager: Mounting plugin NetcodeUnitTest
LogPluginManager: Mounting plugin NUTUnrealEngine4
LogPluginManager: Mounting plugin OnlineSubsystemGooglePlay
LogPluginManager: Mounting plugin OnlineSubsystemIOS
LogPluginManager: Mounting plugin OnlineSubsystem
LogPluginManager: Mounting plugin OnlineSubsystemNull
LogPluginManager: Mounting plugin OnlineSubsystemUtils
LogPluginManager: Mounting plugin LauncherChunkInstaller
LogPluginManager: Mounting plugin AndroidDeviceProfileSelector
LogPluginManager: Mounting plugin AndroidMoviePlayer
LogPluginManager: Mounting plugin AndroidPermission
LogPluginManager: Mounting plugin AppleMoviePlayer
LogPluginManager: Mounting plugin ArchVisCharacter
LogPluginManager: Mounting plugin AudioCapture
LogPluginManager: Mounting plugin CableComponent
LogPluginManager: Mounting plugin CustomMeshComponent
LogPluginManager: Mounting plugin EditableMesh
LogPluginManager: Mounting plugin ExampleDeviceProfileSelector
LogPluginManager: Mounting plugin Firebase
LogPluginManager: Mounting plugin GoogleCloudMessaging
LogPluginManager: Mounting plugin IOSDeviceProfileSelector
LogPluginManager: Mounting plugin LinuxDeviceProfileSelector
LogPluginManager: Mounting plugin LocationServicesBPLibrary
LogPluginManager: Mounting plugin MobilePatchingUtils
LogPluginManager: Mounting plugin OculusVR
LogPluginManager: Mounting plugin PhysXVehicles
LogPluginManager: Mounting plugin ProceduralMeshComponent
LogPluginManager: Mounting plugin RuntimePhysXCooking
LogPluginManager: Mounting plugin SteamVR
LogPluginManager: Mounting plugin WebMMoviePlayer
LogPluginManager: Mounting plugin WindowsMoviePlayer
LogStreaming: Display: Took  0.040s to configure plugins.
LogInit: Warning: Incompatible or missing module: FPSGame
Running C:/Program Files/Epic Games/UE_4.21/Engine/Binaries/DotNET/UnrealBuildTool.exe Development Win64 -Project="E:/Unreal Engine FPS Template/SimpleFPSTemplate-master/FPSGame.uproject" -TargetType=Editor -Progress -NoHotReloadFromIDE
Performing full C++ include scan (building a new target)
Creating makefile for FPSGameEditor (no existing makefile)
Using Visual Studio 2017 14.16.27023 toolchain (C:\Program Files (x86)\Microsoft Visual Studio\2017\Community\VC\Tools\MSVC\14.16.27023) and Windows 10.0.17763.0 SDK (C:\Program Files (x86)\Windows Kits\10).
@progress push 5%
Parsing headers for FPSGameEditor
  Running UnrealHeaderTool "E:\Unreal Engine FPS Template\SimpleFPSTemplate-master\FPSGame.uproject" "E:\Unreal Engine FPS Template\SimpleFPSTemplate-master\Intermediate\Build\Win64\FPSGameEditor\Development\FPSGameEditor.uhtmanifest" -LogCmds="loginit warning, logexit warning, logdatabase error" -Unattended -WarningsAsErrors -installed
Reflection code generated for FPSGameEditor in 6.9293037 seconds
@progress pop
Building 14 actions with 12 processes...
  @progress 'Compiling C++ source code...' 0%
  @progress 'Compiling C++ source code...' 7%
  [1/14] PCLaunch.rc
  @progress 'Compiling C++ source code...' 14%
  [2/14] SharedPCH.Engine.cpp
  @progress 'Compiling C++ source code...' 21%
  [3/14] FPSGame.cpp
  @progress 'Compiling C++ source code...' 29%
  [4/14] FPSGame.init.gen.cpp
  @progress 'Compiling C++ source code...' 36%
  [5/14] FPSProjectile.gen.cpp
  @progress 'Compiling C++ source code...' 43%
  [6/14] FPSProjectile.cpp
  @progress 'Compiling C++ source code...' 50%
  [7/14] FPSHUD.gen.cpp
  @progress 'Compiling C++ source code...' 57%
  [8/14] FPSGameMode.gen.cpp
  @progress 'Compiling C++ source code...' 64%
  [9/14] FPSCharacter.gen.cpp
  @progress 'Compiling C++ source code...' 71%
  [10/14] FPSGameMode.cpp
  @progress 'Compiling C++ source code...' 79%
  [11/14] FPSHUD.cpp
  @progress 'Compiling C++ source code...' 86%
  [12/14] FPSCharacter.cpp
  @progress 'Compiling C++ source code...' 93%
  [13/14] UE4Editor-FPSGame.lib
     Creating library E:\Unreal Engine FPS Template\SimpleFPSTemplate-master\Intermediate\Build\Win64\UE4Editor\Development\FPSGame\UE4Editor-FPSGame.lib and object E:\Unreal Engine FPS Template\SimpleFPSTemplate-master\Intermediate\Build\Win64\UE4Editor\Development\FPSGame\UE4Editor-FPSGame.exp
  @progress 'Compiling C++ source code...' 100%
  [14/14] UE4Editor-FPSGame.dll
     Creating library E:\Unreal Engine FPS Template\SimpleFPSTemplate-master\Intermediate\Build\Win64\UE4Editor\Development\FPSGame\UE4Editor-FPSGame.suppressed.lib and object E:\Unreal Engine FPS Template\SimpleFPSTemplate-master\Intermediate\Build\Win64\UE4Editor\Development\FPSGame\UE4Editor-FPSGame.suppressed.exp
Total build time: 40.21 seconds (Parallel executor: 22.29 seconds)
LogInit: Using libcurl 7.55.1-DEV
LogInit:  - built for x86_64-pc-win32
LogInit:  - supports SSL with OpenSSL/1.0.2h
LogInit:  - supports HTTP deflate (compression) using libz 1.2.8
LogInit:  - other features:
LogInit:      CURL_VERSION_SSL
LogInit:      CURL_VERSION_LIBZ
LogInit:      CURL_VERSION_IPV6
LogInit:      CURL_VERSION_ASYNCHDNS
LogInit:      CURL_VERSION_LARGEFILE
LogInit:      CURL_VERSION_IDN
LogInit:  CurlRequestOptions (configurable via config and command line):
LogInit:  - bVerifyPeer = true  - Libcurl will verify peer certificate
LogInit:  - bUseHttpProxy = false  - Libcurl will NOT use HTTP proxy
LogInit:  - bDontReuseConnections = false  - Libcurl will reuse connections
LogInit:  - MaxHostConnections = 16  - Libcurl will limit the number of connections to a host
LogInit:  - LocalHostAddr = Default
LogInit:  - BufferSize = 65536
LogInit: WinSock: version 1.1 (2.2), MaxSocks=32767, MaxUdp=65467
LogInit: Build: ++UE4+Release-4.21-CL-4613538
LogInit: Engine Version: 4.21.1-4613538+++UE4+Release-4.21
LogInit: Compatible Engine Version: 4.21.0-4541578+++UE4+Release-4.21
LogInit: Net CL: 4541578
LogInit: OS: Windows 10 (), CPU: Intel(R) Core(TM) i7-8700K CPU @ 3.70GHz, GPU: NVIDIA GeForce GTX 1060 6GB
LogInit: Compiled (64-bit): Nov 30 2018 04:13:25
LogInit: Compiled with Visual C++: 19.13.26129.00
LogInit: Build Configuration: Development
LogInit: Branch Name: ++UE4+Release-4.21
LogInit: Command Line: 
LogInit: Base Directory: C:/Program Files/Epic Games/UE_4.21/Engine/Binaries/Win64/
LogInit: Installed Engine Build: 1
LogDevObjectVersion: Number of dev versions registered: 22
LogDevObjectVersion:   Dev-Blueprints (B0D832E4-1F89-4F0D-ACCF-7EB736FD4AA2): 10
LogDevObjectVersion:   Dev-Build (E1C64328-A22C-4D53-A36C-8E866417BD8C): 0
LogDevObjectVersion:   Dev-Core (375EC13C-06E4-48FB-B500-84F0262A717E): 2
LogDevObjectVersion:   Dev-Editor (E4B068ED-F494-42E9-A231-DA0B2E46BB41): 26
LogDevObjectVersion:   Dev-Framework (CFFC743F-43B0-4480-9391-14DF171D2073): 34
LogDevObjectVersion:   Dev-Mobile (B02B49B5-BB20-44E9-A304-32B752E40360): 2
LogDevObjectVersion:   Dev-Networking (A4E4105C-59A1-49B5-A7C5-40C4547EDFEE): 0
LogDevObjectVersion:   Dev-Online (39C831C9-5AE6-47DC-9A44-9C173E1C8E7C): 0
LogDevObjectVersion:   Dev-Physics (78F01B33-EBEA-4F98-B9B4-84EACCB95AA2): 0
LogDevObjectVersion:   Dev-Platform (6631380F-2D4D-43E0-8009-CF276956A95A): 0
LogDevObjectVersion:   Dev-Rendering (12F88B9F-8875-4AFC-A67C-D90C383ABD29): 27
LogDevObjectVersion:   Dev-Sequencer (7B5AE74C-D270-4C10-A958-57980B212A5A): 9
LogDevObjectVersion:   Dev-VR (D7296918-1DD6-4BDD-9DE2-64A83CC13884): 2
LogDevObjectVersion:   Dev-LoadTimes (C2A15278-BFE7-4AFE-6C17-90FF531DF755): 1
LogDevObjectVersion:   Private-Geometry (6EACA3D4-40EC-4CC1-B786-8BED09428FC5): 3
LogDevObjectVersion:   Dev-AnimPhys (29E575DD-E0A3-4627-9D10-D276232CDCEA): 17
LogDevObjectVersion:   Dev-Anim (AF43A65D-7FD3-4947-9873-3E8ED9C1BB05): 2
LogDevObjectVersion:   Dev-ReflectionCapture (6B266CEC-1EC7-4B8F-A30B-E4D90942FC07): 1
LogDevObjectVersion:   Dev-Automation (0DF73D61-A23F-47EA-B727-89E90C41499A): 1
LogDevObjectVersion:   FortniteMain (601D1886-AC64-4F84-AA16-D3DE0DEAC7D6): 17
LogDevObjectVersion:   Dev-Enterprise (9DFFBCD6-494F-0158-E221-12823C92A888): 4
LogDevObjectVersion:   Dev-Niagara (F2AED0AC-9AFE-416F-8664-AA7FFA26D6FC): 1
LogStreaming: Display: Took  0.000s to delete old logs.
LogInit: Presizing for max 8388607 objects, including 0 objects not considered by GC, pre-allocating 0 bytes for permanent pool.
LogInit: Object subsystem initialized
LogConfig: Setting CVar [[con.DebugEarlyDefault:1]]
LogConfig: Setting CVar [[r.setres:1280x720]]
[2019.01.11-06.06.43:849][  0]LogConfig: Setting CVar [[r.VSync:0]]
[2019.01.11-06.06.43:849][  0]LogConfig: Setting CVar [[r.RHICmdBypass:0]]
[2019.01.11-06.06.43:849][  0]LogConfig: Applying CVar settings from Section [/Script/Engine.RendererSettings] File [E:/Unreal Engine FPS Template/SimpleFPSTemplate-master/Saved/Config/Windows/Engine.ini]
[2019.01.11-06.06.43:849][  0]LogConfig: Setting CVar [[r.GPUCrashDebugging:0]]
[2019.01.11-06.06.43:849][  0]LogConfig: Applying CVar settings from Section [/Script/Engine.RendererOverrideSettings] File [E:/Unreal Engine FPS Template/SimpleFPSTemplate-master/Saved/Config/Windows/Engine.ini]
[2019.01.11-06.06.43:849][  0]LogConfig: Applying CVar settings from Section [/Script/Engine.StreamingSettings] File [E:/Unreal Engine FPS Template/SimpleFPSTemplate-master/Saved/Config/Windows/Engine.ini]
[2019.01.11-06.06.43:849][  0]LogConfig: Setting CVar [[s.MinBulkDataSizeForAsyncLoading:131072]]
[2019.01.11-06.06.43:849][  0]LogConfig: Setting CVar [[s.AsyncLoadingThreadEnabled:0]]
[2019.01.11-06.06.43:849][  0]LogConfig: Setting CVar [[s.EventDrivenLoaderEnabled:1]]
[2019.01.11-06.06.43:849][  0]LogConfig: Setting CVar [[s.WarnIfTimeLimitExceeded:0]]
[2019.01.11-06.06.43:849][  0]LogConfig: Setting CVar [[s.TimeLimitExceededMultiplier:1.5]]
[2019.01.11-06.06.43:849][  0]LogConfig: Setting CVar [[s.TimeLimitExceededMinTime:0.005]]
[2019.01.11-06.06.43:849][  0]LogConfig: Setting CVar [[s.UseBackgroundLevelStreaming:1]]
[2019.01.11-06.06.43:849][  0]LogConfig: Setting CVar [[s.PriorityAsyncLoadingExtraTime:15.0]]
[2019.01.11-06.06.43:849][  0]LogConfig: Setting CVar [[s.LevelStreamingActorsUpdateTimeLimit:5.0]]
[2019.01.11-06.06.43:849][  0]LogConfig: Setting CVar [[s.PriorityLevelStreamingActorsUpdateExtraTime:5.0]]
[2019.01.11-06.06.43:849][  0]LogConfig: Setting CVar [[s.LevelStreamingComponentsRegistrationGranularity:10]]
[2019.01.11-06.06.43:849][  0]LogConfig: Setting CVar [[s.UnregisterComponentsTimeLimit:1.0]]
[2019.01.11-06.06.43:849][  0]LogConfig: Setting CVar [[s.LevelStreamingComponentsUnregistrationGranularity:5]]
[2019.01.11-06.06.43:849][  0]LogConfig: Applying CVar settings from Section [/Script/Engine.GarbageCollectionSettings] File [E:/Unreal Engine FPS Template/SimpleFPSTemplate-master/Saved/Config/Windows/Engine.ini]
[2019.01.11-06.06.43:849][  0]LogConfig: Setting CVar [[gc.MaxObjectsNotConsideredByGC:1]]
[2019.01.11-06.06.43:849][  0]LogConfig: Setting CVar [[gc.SizeOfPermanentObjectPool:0]]
[2019.01.11-06.06.43:849][  0]LogConfig: Setting CVar [[gc.FlushStreamingOnGC:0]]
[2019.01.11-06.06.43:849][  0]LogConfig: Setting CVar [[gc.NumRetriesBeforeForcingGC:10]]
[2019.01.11-06.06.43:849][  0]LogConfig: Setting CVar [[gc.AllowParallelGC:1]]
[2019.01.11-06.06.43:849][  0]LogConfig: Setting CVar [[gc.TimeBetweenPurgingPendingKillObjects:61.1]]
[2019.01.11-06.06.43:849][  0]LogConfig: Setting CVar [[gc.MaxObjectsInEditor:8388607]]
[2019.01.11-06.06.43:849][  0]LogConfig: Setting CVar [[gc.IncrementalBeginDestroyEnabled:1]]
[2019.01.11-06.06.43:849][  0]LogConfig: Setting CVar [[gc.CreateGCClusters:1]]
[2019.01.11-06.06.43:849][  0]LogConfig: Setting CVar [[gc.MergeGCClusters:0]]
[2019.01.11-06.06.43:849][  0]LogConfig: Setting CVar [[gc.MinGCClusterSize:5]]
[2019.01.11-06.06.43:849][  0]LogConfig: Setting CVar [[gc.ActorClusteringEnabled:0]]
[2019.01.11-06.06.43:849][  0]LogConfig: Setting CVar [[gc.BlueprintClusteringEnabled:0]]
[2019.01.11-06.06.43:849][  0]LogConfig: Setting CVar [[gc.UseDisregardForGCOnDedicatedServers:0]]
[2019.01.11-06.06.43:849][  0]LogConfig: Applying CVar settings from Section [/Script/Engine.NetworkSettings] File [E:/Unreal Engine FPS Template/SimpleFPSTemplate-master/Saved/Config/Windows/Engine.ini]
[2019.01.11-06.06.43:849][  0]LogConfig: Applying CVar settings from Section [/Script/UnrealEd.CookerSettings] File [E:/Unreal Engine FPS Template/SimpleFPSTemplate-master/Saved/Config/Windows/Engine.ini]
[2019.01.11-06.06.43:851][  0]LogConfig: Applying CVar settings from Section [ViewDistanceQuality@3] File [E:/Unreal Engine FPS Template/SimpleFPSTemplate-master/Saved/Config/Windows/Scalability.ini]
[2019.01.11-06.06.43:851][  0]LogConfig: Setting CVar [[r.SkeletalMeshLODBias:0]]
[2019.01.11-06.06.43:851][  0]LogConfig: Setting CVar [[r.ViewDistanceScale:1.0]]
[2019.01.11-06.06.43:851][  0]LogConfig: Applying CVar settings from Section [AntiAliasingQuality@3] File [E:/Unreal Engine FPS Template/SimpleFPSTemplate-master/Saved/Config/Windows/Scalability.ini]
[2019.01.11-06.06.43:851][  0]LogConfig: Setting CVar [[r.PostProcessAAQuality:4]]
[2019.01.11-06.06.43:851][  0]LogConfig: Applying CVar settings from Section [ShadowQuality@3] File [E:/Unreal Engine FPS Template/SimpleFPSTemplate-master/Saved/Config/Windows/Scalability.ini]
[2019.01.11-06.06.43:851][  0]LogConfig: Setting CVar [[r.LightFunctionQuality:1]]
[2019.01.11-06.06.43:851][  0]LogConfig: Setting CVar [[r.ShadowQuality:5]]
[2019.01.11-06.06.43:851][  0]LogConfig: Setting CVar [[r.Shadow.CSM.MaxCascades:10]]
[2019.01.11-06.06.43:851][  0]LogConfig: Setting CVar [[r.Shadow.MaxResolution:2048]]
[2019.01.11-06.06.43:851][  0]LogConfig: Setting CVar [[r.Shadow.MaxCSMResolution:2048]]
[2019.01.11-06.06.43:851][  0]LogConfig: Setting CVar [[r.Shadow.RadiusThreshold:0.01]]
[2019.01.11-06.06.43:851][  0]LogConfig: Setting CVar [[r.Shadow.DistanceScale:1.0]]
[2019.01.11-06.06.43:851][  0]LogConfig: Setting CVar [[r.Shadow.CSM.TransitionScale:1.0]]
[2019.01.11-06.06.43:851][  0]LogConfig: Setting CVar [[r.Shadow.PreShadowResolutionFactor:1.0]]
[2019.01.11-06.06.43:851][  0]LogConfig: Setting CVar [[r.DistanceFieldShadowing:1]]
[2019.01.11-06.06.43:851][  0]LogConfig: Setting CVar [[r.DistanceFieldAO:1]]
[2019.01.11-06.06.43:851][  0]LogConfig: Setting CVar [[r.AOQuality:2]]
[2019.01.11-06.06.43:851][  0]LogConfig: Setting CVar [[r.VolumetricFog:1]]
[2019.01.11-06.06.43:851][  0]LogConfig: Setting CVar [[r.VolumetricFog.GridPixelSize:8]]
[2019.01.11-06.06.43:851][  0]LogConfig: Setting CVar [[r.VolumetricFog.GridSizeZ:128]]
[2019.01.11-06.06.43:851][  0]LogConfig: Setting CVar [[r.VolumetricFog.HistoryMissSupersampleCount:4]]
[2019.01.11-06.06.43:851][  0]LogConfig: Setting CVar [[r.LightMaxDrawDistanceScale:1]]
[2019.01.11-06.06.43:851][  0]LogConfig: Setting CVar [[r.CapsuleShadows:1]]
[2019.01.11-06.06.43:851][  0]LogConfig: Applying CVar settings from Section [PostProcessQuality@3] File [E:/Unreal Engine FPS Template/SimpleFPSTemplate-master/Saved/Config/Windows/Scalability.ini]
[2019.01.11-06.06.43:851][  0]LogConfig: Setting CVar [[r.MotionBlurQuality:4]]
[2019.01.11-06.06.43:851][  0]LogConfig: Setting CVar [[r.AmbientOcclusionMipLevelFactor:0.4]]
[2019.01.11-06.06.43:851][  0]LogConfig: Setting CVar [[r.AmbientOcclusionMaxQuality:100]]
[2019.01.11-06.06.43:851][  0]LogConfig: Setting CVar [[r.AmbientOcclusionLevels:-1]]
[2019.01.11-06.06.43:851][  0]LogConfig: Setting CVar [[r.AmbientOcclusionRadiusScale:1.0]]
[2019.01.11-06.06.43:851][  0]LogConfig: Setting CVar [[r.DepthOfFieldQuality:2]]
[2019.01.11-06.06.43:851][  0]LogConfig: Setting CVar [[r.RenderTargetPoolMin:400]]
[2019.01.11-06.06.43:851][  0]LogConfig: Setting CVar [[r.LensFlareQuality:2]]
[2019.01.11-06.06.43:851][  0]LogConfig: Setting CVar [[r.SceneColorFringeQuality:1]]
[2019.01.11-06.06.43:851][  0]LogConfig: Setting CVar [[r.EyeAdaptationQuality:2]]
[2019.01.11-06.06.43:851][  0]LogConfig: Setting CVar [[r.BloomQuality:5]]
[2019.01.11-06.06.43:851][  0]LogConfig: Setting CVar [[r.FastBlurThreshold:100]]
[2019.01.11-06.06.43:851][  0]LogConfig: Setting CVar [[r.Upscale.Quality:3]]
[2019.01.11-06.06.43:851][  0]LogConfig: Setting CVar [[r.Tonemapper.GrainQuantization:1]]
[2019.01.11-06.06.43:851][  0]LogConfig: Setting CVar [[r.LightShaftQuality:1]]
[2019.01.11-06.06.43:851][  0]LogConfig: Setting CVar [[r.Filter.SizeScale:1]]
[2019.01.11-06.06.43:851][  0]LogConfig: Setting CVar [[r.Tonemapper.Quality:5]]
[2019.01.11-06.06.43:851][  0]LogConfig: Setting CVar [[r.DOF.Gather.AccumulatorQuality:1        ; higher gathering accumulator quality]]
[2019.01.11-06.06.43:851][  0]LogConfig: Setting CVar [[r.DOF.Gather.PostfilterMethod:1          ; Median3x3 postfilering method]]
[2019.01.11-06.06.43:851][  0]LogConfig: Setting CVar [[r.DOF.Gather.EnableBokehSettings:0       ; no bokeh simulation when gathering]]
[2019.01.11-06.06.43:851][  0]LogConfig: Setting CVar [[r.DOF.Gather.RingCount:4                 ; medium number of samples when gathering]]
[2019.01.11-06.06.43:851][  0]LogConfig: Setting CVar [[r.DOF.Scatter.ForegroundCompositing:1    ; additive foreground scattering]]
[2019.01.11-06.06.43:851][  0]LogConfig: Setting CVar [[r.DOF.Scatter.BackgroundCompositing:2    ; additive background scattering]]
[2019.01.11-06.06.43:851][  0]LogConfig: Setting CVar [[r.DOF.Scatter.EnableBokehSettings:1      ; bokeh simulation when scattering]]
[2019.01.11-06.06.43:851][  0]LogConfig: Setting CVar [[r.DOF.Scatter.MaxSpriteRatio:0.1         ; only a maximum of 10% of scattered bokeh]]
[2019.01.11-06.06.43:851][  0]LogConfig: Setting CVar [[r.DOF.Recombine.Quality:1                ; cheap slight out of focus]]
[2019.01.11-06.06.43:851][  0]LogConfig: Setting CVar [[r.DOF.Recombine.EnableBokehSettings:0    ; no bokeh simulation on slight out of focus]]
[2019.01.11-06.06.43:851][  0]LogConfig: Setting CVar [[r.DOF.TemporalAAQuality:1                ; more stable temporal accumulation]]
[2019.01.11-06.06.43:851][  0]LogConfig: Setting CVar [[r.DOF.Kernel.MaxForegroundRadius:0.025]]
[2019.01.11-06.06.43:851][  0]LogConfig: Setting CVar [[r.DOF.Kernel.MaxBackgroundRadius:0.025]]
[2019.01.11-06.06.43:851][  0]LogConfig: Applying CVar settings from Section [TextureQuality@3] File [E:/Unreal Engine FPS Template/SimpleFPSTemplate-master/Saved/Config/Windows/Scalability.ini]
[2019.01.11-06.06.43:851][  0]LogConfig: Setting CVar [[r.Streaming.MipBias:0]]
[2019.01.11-06.06.43:851][  0]LogConfig: Setting CVar [[r.Streaming.AmortizeCPUToGPUCopy:0]]
[2019.01.11-06.06.43:851][  0]LogConfig: Setting CVar [[r.Streaming.MaxNumTexturesToStreamPerFrame:0]]
[2019.01.11-06.06.43:851][  0]LogConfig: Setting CVar [[r.Streaming.Boost:1]]
[2019.01.11-06.06.43:851][  0]LogConfig: Setting CVar [[r.MaxAnisotropy:8]]
[2019.01.11-06.06.43:851][  0]LogConfig: Setting CVar [[r.Streaming.LimitPoolSizeToVRAM:0]]
[2019.01.11-06.06.43:851][  0]LogConfig: Setting CVar [[r.Streaming.PoolSize:1000]]
[2019.01.11-06.06.43:851][  0]LogConfig: Setting CVar [[r.Streaming.MaxEffectiveScreenSize:0]]
[2019.01.11-06.06.43:851][  0]LogConfig: Applying CVar settings from Section [EffectsQuality@3] File [E:/Unreal Engine FPS Template/SimpleFPSTemplate-master/Saved/Config/Windows/Scalability.ini]
[2019.01.11-06.06.43:851][  0]LogConfig: Setting CVar [[r.TranslucencyLightingVolumeDim:64]]
[2019.01.11-06.06.43:851][  0]LogConfig: Setting CVar [[r.RefractionQuality:2]]
[2019.01.11-06.06.43:851][  0]LogConfig: Setting CVar [[r.SSR.Quality:3]]
[2019.01.11-06.06.43:851][  0]LogConfig: Setting CVar [[r.SceneColorFormat:4]]
[2019.01.11-06.06.43:851][  0]LogConfig: Setting CVar [[r.DetailMode:2]]
[2019.01.11-06.06.43:851][  0]LogConfig: Setting CVar [[r.TranslucencyVolumeBlur:1]]
[2019.01.11-06.06.43:851][  0]LogConfig: Setting CVar [[r.MaterialQualityLevel:1 ; High quality]]
[2019.01.11-06.06.43:851][  0]LogConfig: Setting CVar [[r.SSS.Scale:1]]
[2019.01.11-06.06.43:851][  0]LogConfig: Setting CVar [[r.SSS.SampleSet:2]]
[2019.01.11-06.06.43:851][  0]LogConfig: Setting CVar [[r.SSS.Quality:1]]
[2019.01.11-06.06.43:851][  0]LogConfig: Setting CVar [[r.SSS.HalfRes:1]]
[2019.01.11-06.06.43:851][  0]LogConfig: Setting CVar [[r.EmitterSpawnRateScale:1.0]]
[2019.01.11-06.06.43:851][  0]LogConfig: Setting CVar [[r.ParticleLightQuality:2]]
[2019.01.11-06.06.43:851][  0]LogConfig: Applying CVar settings from Section [FoliageQuality@3] File [E:/Unreal Engine FPS Template/SimpleFPSTemplate-master/Saved/Config/Windows/Scalability.ini]
[2019.01.11-06.06.43:851][  0]LogConfig: Setting CVar [[foliage.DensityScale:1.0]]
[2019.01.11-06.06.43:851][  0]LogConfig: Setting CVar [[grass.DensityScale:1.0]]
[2019.01.11-06.06.43:851][  0]LogInit: Selected Device Profile: [Windows]
[2019.01.11-06.06.43:851][  0]LogInit: Applying CVar settings loaded from the selected device profile: [Windows]
[2019.01.11-06.06.43:857][  0]LogHAL: Display: Platform has ~ 16 GB [17100660736 / 17179869184 / 16], which maps to Larger [LargestMinGB=32, LargerMinGB=12, DefaultMinGB=8, SmallerMinGB=6, SmallestMinGB=0)
[2019.01.11-06.06.43:857][  0]LogConfig: Setting CVar [[r.Vulkan.UseRealUBs:1]]
[2019.01.11-06.06.43:857][  0]LogInit: Going up to parent DeviceProfile []
[2019.01.11-06.06.43:857][  0]LogConfig: Applying CVar settings from Section [ViewDistanceQuality@3] File [E:/Unreal Engine FPS Template/SimpleFPSTemplate-master/Saved/Config/Windows/Scalability.ini]
[2019.01.11-06.06.43:857][  0]LogConfig: Setting CVar [[r.SkeletalMeshLODBias:0]]
[2019.01.11-06.06.43:857][  0]LogConfig: Setting CVar [[r.ViewDistanceScale:1.0]]
[2019.01.11-06.06.43:857][  0]LogConfig: Applying CVar settings from Section [AntiAliasingQuality@3] File [E:/Unreal Engine FPS Template/SimpleFPSTemplate-master/Saved/Config/Windows/Scalability.ini]
[2019.01.11-06.06.43:857][  0]LogConfig: Setting CVar [[r.PostProcessAAQuality:4]]
[2019.01.11-06.06.43:857][  0]LogConfig: Applying CVar settings from Section [ShadowQuality@3] File [E:/Unreal Engine FPS Template/SimpleFPSTemplate-master/Saved/Config/Windows/Scalability.ini]
[2019.01.11-06.06.43:857][  0]LogConfig: Setting CVar [[r.LightFunctionQuality:1]]
[2019.01.11-06.06.43:857][  0]LogConfig: Setting CVar [[r.ShadowQuality:5]]
[2019.01.11-06.06.43:857][  0]LogConfig: Setting CVar [[r.Shadow.CSM.MaxCascades:10]]
[2019.01.11-06.06.43:857][  0]LogConfig: Setting CVar [[r.Shadow.MaxResolution:2048]]
[2019.01.11-06.06.43:857][  0]LogConfig: Setting CVar [[r.Shadow.MaxCSMResolution:2048]]
[2019.01.11-06.06.43:857][  0]LogConfig: Setting CVar [[r.Shadow.RadiusThreshold:0.01]]
[2019.01.11-06.06.43:857][  0]LogConfig: Setting CVar [[r.Shadow.DistanceScale:1.0]]
[2019.01.11-06.06.43:857][  0]LogConfig: Setting CVar [[r.Shadow.CSM.TransitionScale:1.0]]
[2019.01.11-06.06.43:857][  0]LogConfig: Setting CVar [[r.Shadow.PreShadowResolutionFactor:1.0]]
[2019.01.11-06.06.43:857][  0]LogConfig: Setting CVar [[r.DistanceFieldShadowing:1]]
[2019.01.11-06.06.43:857][  0]LogConfig: Setting CVar [[r.DistanceFieldAO:1]]
[2019.01.11-06.06.43:857][  0]LogConfig: Setting CVar [[r.AOQuality:2]]
[2019.01.11-06.06.43:857][  0]LogConfig: Setting CVar [[r.VolumetricFog:1]]
[2019.01.11-06.06.43:857][  0]LogConfig: Setting CVar [[r.VolumetricFog.GridPixelSize:8]]
[2019.01.11-06.06.43:857][  0]LogConfig: Setting CVar [[r.VolumetricFog.GridSizeZ:128]]
[2019.01.11-06.06.43:857][  0]LogConfig: Setting CVar [[r.VolumetricFog.HistoryMissSupersampleCount:4]]
[2019.01.11-06.06.43:857][  0]LogConfig: Setting CVar [[r.LightMaxDrawDistanceScale:1]]
[2019.01.11-06.06.43:857][  0]LogConfig: Setting CVar [[r.CapsuleShadows:1]]
[2019.01.11-06.06.43:857][  0]LogConfig: Applying CVar settings from Section [PostProcessQuality@3] File [E:/Unreal Engine FPS Template/SimpleFPSTemplate-master/Saved/Config/Windows/Scalability.ini]
[2019.01.11-06.06.43:857][  0]LogConfig: Setting CVar [[r.MotionBlurQuality:4]]
[2019.01.11-06.06.43:857][  0]LogConfig: Setting CVar [[r.AmbientOcclusionMipLevelFactor:0.4]]
[2019.01.11-06.06.43:857][  0]LogConfig: Setting CVar [[r.AmbientOcclusionMaxQuality:100]]
[2019.01.11-06.06.43:857][  0]LogConfig: Setting CVar [[r.AmbientOcclusionLevels:-1]]
[2019.01.11-06.06.43:857][  0]LogConfig: Setting CVar [[r.AmbientOcclusionRadiusScale:1.0]]
[2019.01.11-06.06.43:857][  0]LogConfig: Setting CVar [[r.DepthOfFieldQuality:2]]
[2019.01.11-06.06.43:857][  0]LogConfig: Setting CVar [[r.RenderTargetPoolMin:400]]
[2019.01.11-06.06.43:857][  0]LogConfig: Setting CVar [[r.LensFlareQuality:2]]
[2019.01.11-06.06.43:857][  0]LogConfig: Setting CVar [[r.SceneColorFringeQuality:1]]
[2019.01.11-06.06.43:857][  0]LogConfig: Setting CVar [[r.EyeAdaptationQuality:2]]
[2019.01.11-06.06.43:857][  0]LogConfig: Setting CVar [[r.BloomQuality:5]]
[2019.01.11-06.06.43:857][  0]LogConfig: Setting CVar [[r.FastBlurThreshold:100]]
[2019.01.11-06.06.43:857][  0]LogConfig: Setting CVar [[r.Upscale.Quality:3]]
[2019.01.11-06.06.43:857][  0]LogConfig: Setting CVar [[r.Tonemapper.GrainQuantization:1]]
[2019.01.11-06.06.43:857][  0]LogConfig: Setting CVar [[r.LightShaftQuality:1]]
[2019.01.11-06.06.43:857][  0]LogConfig: Setting CVar [[r.Filter.SizeScale:1]]
[2019.01.11-06.06.43:857][  0]LogConfig: Setting CVar [[r.Tonemapper.Quality:5]]
[2019.01.11-06.06.43:857][  0]LogConfig: Setting CVar [[r.DOF.Gather.AccumulatorQuality:1        ; higher gathering accumulator quality]]
[2019.01.11-06.06.43:857][  0]LogConfig: Setting CVar [[r.DOF.Gather.PostfilterMethod:1          ; Median3x3 postfilering method]]
[2019.01.11-06.06.43:857][  0]LogConfig: Setting CVar [[r.DOF.Gather.EnableBokehSettings:0       ; no bokeh simulation when gathering]]
[2019.01.11-06.06.43:857][  0]LogConfig: Setting CVar [[r.DOF.Gather.RingCount:4                 ; medium number of samples when gathering]]
[2019.01.11-06.06.43:857][  0]LogConfig: Setting CVar [[r.DOF.Scatter.ForegroundCompositing:1    ; additive foreground scattering]]
[2019.01.11-06.06.43:857][  0]LogConfig: Setting CVar [[r.DOF.Scatter.BackgroundCompositing:2    ; additive background scattering]]
[2019.01.11-06.06.43:857][  0]LogConfig: Setting CVar [[r.DOF.Scatter.EnableBokehSettings:1      ; bokeh simulation when scattering]]
[2019.01.11-06.06.43:857][  0]LogConfig: Setting CVar [[r.DOF.Scatter.MaxSpriteRatio:0.1         ; only a maximum of 10% of scattered bokeh]]
[2019.01.11-06.06.43:857][  0]LogConfig: Setting CVar [[r.DOF.Recombine.Quality:1                ; cheap slight out of focus]]
[2019.01.11-06.06.43:857][  0]LogConfig: Setting CVar [[r.DOF.Recombine.EnableBokehSettings:0    ; no bokeh simulation on slight out of focus]]
[2019.01.11-06.06.43:857][  0]LogConfig: Setting CVar [[r.DOF.TemporalAAQuality:1                ; more stable temporal accumulation]]
[2019.01.11-06.06.43:857][  0]LogConfig: Setting CVar [[r.DOF.Kernel.MaxForegroundRadius:0.025]]
[2019.01.11-06.06.43:857][  0]LogConfig: Setting CVar [[r.DOF.Kernel.MaxBackgroundRadius:0.025]]
[2019.01.11-06.06.43:857][  0]LogConfig: Applying CVar settings from Section [TextureQuality@3] File [E:/Unreal Engine FPS Template/SimpleFPSTemplate-master/Saved/Config/Windows/Scalability.ini]
[2019.01.11-06.06.43:857][  0]LogConfig: Setting CVar [[r.Streaming.MipBias:0]]
[2019.01.11-06.06.43:857][  0]LogConfig: Setting CVar [[r.Streaming.AmortizeCPUToGPUCopy:0]]
[2019.01.11-06.06.43:857][  0]LogConfig: Setting CVar [[r.Streaming.MaxNumTexturesToStreamPerFrame:0]]
[2019.01.11-06.06.43:857][  0]LogConfig: Setting CVar [[r.Streaming.Boost:1]]
[2019.01.11-06.06.43:857][  0]LogConfig: Setting CVar [[r.MaxAnisotropy:8]]
[2019.01.11-06.06.43:857][  0]LogConfig: Setting CVar [[r.Streaming.LimitPoolSizeToVRAM:0]]
[2019.01.11-06.06.43:857][  0]LogConfig: Setting CVar [[r.Streaming.PoolSize:1000]]
[2019.01.11-06.06.43:857][  0]LogConfig: Setting CVar [[r.Streaming.MaxEffectiveScreenSize:0]]
[2019.01.11-06.06.43:857][  0]LogConfig: Applying CVar settings from Section [EffectsQuality@3] File [E:/Unreal Engine FPS Template/SimpleFPSTemplate-master/Saved/Config/Windows/Scalability.ini]
[2019.01.11-06.06.43:857][  0]LogConfig: Setting CVar [[r.TranslucencyLightingVolumeDim:64]]
[2019.01.11-06.06.43:857][  0]LogConfig: Setting CVar [[r.RefractionQuality:2]]
[2019.01.11-06.06.43:857][  0]LogConfig: Setting CVar [[r.SSR.Quality:3]]
[2019.01.11-06.06.43:857][  0]LogConfig: Setting CVar [[r.SceneColorFormat:4]]
[2019.01.11-06.06.43:857][  0]LogConfig: Setting CVar [[r.DetailMode:2]]
[2019.01.11-06.06.43:857][  0]LogConfig: Setting CVar [[r.TranslucencyVolumeBlur:1]]
[2019.01.11-06.06.43:857][  0]LogConfig: Setting CVar [[r.MaterialQualityLevel:1 ; High quality]]
[2019.01.11-06.06.43:857][  0]LogConfig: Setting CVar [[r.SSS.Scale:1]]
[2019.01.11-06.06.43:857][  0]LogConfig: Setting CVar [[r.SSS.SampleSet:2]]
[2019.01.11-06.06.43:857][  0]LogConfig: Setting CVar [[r.SSS.Quality:1]]
[2019.01.11-06.06.43:857][  0]LogConfig: Setting CVar [[r.SSS.HalfRes:1]]
[2019.01.11-06.06.43:857][  0]LogConfig: Setting CVar [[r.EmitterSpawnRateScale:1.0]]
[2019.01.11-06.06.43:857][  0]LogConfig: Setting CVar [[r.ParticleLightQuality:2]]
[2019.01.11-06.06.43:857][  0]LogConfig: Applying CVar settings from Section [FoliageQuality@3] File [E:/Unreal Engine FPS Template/SimpleFPSTemplate-master/Saved/Config/Windows/Scalability.ini]
[2019.01.11-06.06.43:857][  0]LogConfig: Setting CVar [[foliage.DensityScale:1.0]]
[2019.01.11-06.06.43:857][  0]LogConfig: Setting CVar [[grass.DensityScale:1.0]]
[2019.01.11-06.06.43:857][  0]LogConfig: Applying CVar settings from Section [Startup] File [../../../Engine/Config/ConsoleVariables.ini]
[2019.01.11-06.06.43:858][  0]LogConfig: Setting CVar [[net.UseAdaptiveNetUpdateFrequency:0]]
[2019.01.11-06.06.43:858][  0]LogConfig: Applying CVar settings from Section [ConsoleVariables] File [E:/Unreal Engine FPS Template/SimpleFPSTemplate-master/Saved/Config/Windows/Engine.ini]
[2019.01.11-06.06.43:858][  0]LogInit: Computer: DESKTOP-JSQD1C2
[2019.01.11-06.06.43:858][  0]LogInit: User: Enrico
[2019.01.11-06.06.43:858][  0]LogInit: CPU Page size=4096, Cores=6
[2019.01.11-06.06.43:858][  0]LogInit: High frequency timer resolution =3.609383 MHz
[2019.01.11-06.06.43:858][  0]LogMemory: Memory total: Physical=15.9GB (16GB approx)
[2019.01.11-06.06.43:858][  0]LogMemory: Platform Memory Stats for Windows
[2019.01.11-06.06.43:858][  0]LogMemory: Process Physical Memory: 108.14 MB used, 108.14 MB peak
[2019.01.11-06.06.43:858][  0]LogMemory: Process Virtual Memory: 96.29 MB used, 96.29 MB peak
[2019.01.11-06.06.43:858][  0]LogMemory: Physical Memory: 7359.30 MB used,  8949.16 MB free, 16308.46 MB total
[2019.01.11-06.06.43:858][  0]LogMemory: Virtual Memory: 4713.89 MB used,  134213016.00 MB free, 134217728.00 MB total
[2019.01.11-06.06.43:869][  0]LogInit: Using OS detected language (en-US).
[2019.01.11-06.06.43:869][  0]LogInit: Using OS detected locale (en-AU).
[2019.01.11-06.06.43:869][  0]LogTextLocalizationManager: No specific localization for 'en-US' exists, so the 'en' localization will be used.
[2019.01.11-06.06.44:119][  0]LogStreaming: Display: Took  0.250s to InitEngineTextLocalization.
[2019.01.11-06.06.44:119][  0]LogInit: Setting process to per monitor DPI aware
[2019.01.11-06.06.44:133][  0]LogSlate: New Slate User Created.  User Index 0, Is Virtual User: 0
[2019.01.11-06.06.44:133][  0]LogSlate: Slate User Registered.  User Index 0, Is Virtual User: 0
[2019.01.11-06.06.44:252][  0]LogHMD: Failed to initialize OpenVR with code 110
[2019.01.11-06.06.44:252][  0]LogD3D11RHI: D3D11 adapters:
[2019.01.11-06.06.44:296][  0]LogD3D11RHI:    0. 'NVIDIA GeForce GTX 1060 6GB' (Feature Level 11_0)
[2019.01.11-06.06.44:296][  0]LogD3D11RHI:       6052/0/8154 MB DedicatedVideo/DedicatedSystem/SharedSystem, Outputs:1, VendorId:0x10de
[2019.01.11-06.06.44:297][  0]LogD3D11RHI:    1. 'Microsoft Basic Render Driver' (Feature Level 11_0)
[2019.01.11-06.06.44:297][  0]LogD3D11RHI:       0/0/8154 MB DedicatedVideo/DedicatedSystem/SharedSystem, Outputs:0, VendorId:0x1414
[2019.01.11-06.06.44:297][  0]LogD3D11RHI: Chosen D3D11 Adapter: 0
[2019.01.11-06.06.44:302][  0]LogD3D11RHI: Creating new Direct3DDevice
[2019.01.11-06.06.44:302][  0]LogD3D11RHI:     GPU DeviceId: 0x1c03 (for the marketing name, search the web for "GPU Device Id")
[2019.01.11-06.06.44:302][  0]LogWindows: EnumDisplayDevices:
[2019.01.11-06.06.44:302][  0]LogWindows:    0. 'NVIDIA GeForce GTX 1060 6GB' (P:1 D:1)
[2019.01.11-06.06.44:302][  0]LogWindows:    1. 'NVIDIA GeForce GTX 1060 6GB' (P:0 D:0)
[2019.01.11-06.06.44:302][  0]LogWindows:    2. 'NVIDIA GeForce GTX 1060 6GB' (P:0 D:0)
[2019.01.11-06.06.44:303][  0]LogWindows:    3. 'NVIDIA GeForce GTX 1060 6GB' (P:0 D:0)
[2019.01.11-06.06.44:303][  0]LogWindows: DebugString: FoundDriverCount:4 
[2019.01.11-06.06.44:303][  0]LogD3D11RHI:     Adapter Name: NVIDIA GeForce GTX 1060 6GB
[2019.01.11-06.06.44:303][  0]LogD3D11RHI:   Driver Version: 417.22 (internal:25.21.14.1722, unified:417.22)
[2019.01.11-06.06.44:303][  0]LogD3D11RHI:      Driver Date: 11-29-2018
[2019.01.11-06.06.44:303][  0]LogRHI: Texture pool is 4236 MB (70% of 6052 MB)
[2019.01.11-06.06.44:328][  0]LogD3D11RHI: Async texture creation enabled
[2019.01.11-06.06.44:348][  0]LogD3D11RHI: GPU Timing Frequency: 1000.000000 (Debug: 2 2)
[2019.01.11-06.06.44:554][  0]LogTemp: Display: Loaded TP AllDesktopTargetPlatform
[2019.01.11-06.06.44:562][  0]LogTemp: Display: Loaded TP MacClientTargetPlatform
[2019.01.11-06.06.44:570][  0]LogTemp: Display: Loaded TP MacNoEditorTargetPlatform
[2019.01.11-06.06.44:577][  0]LogTemp: Display: Loaded TP MacServerTargetPlatform
[2019.01.11-06.06.44:585][  0]LogTemp: Display: Loaded TP MacTargetPlatform
[2019.01.11-06.06.44:593][  0]LogTemp: Display: Loaded TP WindowsClientTargetPlatform
[2019.01.11-06.06.44:602][  0]LogTemp: Display: Loaded TP WindowsNoEditorTargetPlatform
[2019.01.11-06.06.44:610][  0]LogTemp: Display: Loaded TP WindowsServerTargetPlatform
[2019.01.11-06.06.44:613][  0]LogTemp: Display: Loaded TP WindowsTargetPlatform
[2019.01.11-06.06.44:661][  0]LogTemp: Display: Loaded TP AndroidTargetPlatform
[2019.01.11-06.06.44:661][  0]LogTemp: Display: Loaded TP AndroidTargetPlatform
[2019.01.11-06.06.44:661][  0]LogTemp: Display: Loaded TP AndroidTargetPlatform
[2019.01.11-06.06.44:661][  0]LogTemp: Display: Loaded TP AndroidTargetPlatform
[2019.01.11-06.06.44:661][  0]LogTemp: Display: Loaded TP AndroidTargetPlatform
[2019.01.11-06.06.44:661][  0]LogTemp: Display: Loaded TP AndroidTargetPlatform
[2019.01.11-06.06.44:661][  0]LogTemp: Display: Loaded TP AndroidTargetPlatform
[2019.01.11-06.06.44:661][  0]LogTemp: Display: Loaded TP AndroidTargetPlatform
[2019.01.11-06.06.44:661][  0]LogTemp: Display: Loaded TP AndroidTargetPlatform
[2019.01.11-06.06.44:661][  0]LogTemp: Display: Loaded TP AndroidTargetPlatform
[2019.01.11-06.06.44:661][  0]LogTemp: Display: Loaded TP AndroidTargetPlatform
[2019.01.11-06.06.44:661][  0]LogTemp: Display: Loaded TP AndroidTargetPlatform
[2019.01.11-06.06.44:661][  0]LogTemp: Display: Loaded TP AndroidTargetPlatform
[2019.01.11-06.06.44:661][  0]LogTemp: Display: Loaded TP AndroidTargetPlatform
[2019.01.11-06.06.44:661][  0]LogTemp: Display: Loaded TP AndroidTargetPlatform
[2019.01.11-06.06.44:661][  0]LogTemp: Display: Loaded TP AndroidTargetPlatform
[2019.01.11-06.06.44:661][  0]LogTemp: Display: Loaded TP AndroidTargetPlatform
[2019.01.11-06.06.44:661][  0]LogTemp: Display: Loaded TP AndroidTargetPlatform
[2019.01.11-06.06.44:662][  0]LogTemp: Display: Loaded TP HTML5TargetPlatform
[2019.01.11-06.06.44:712][  0]LogTemp: Display: Loaded TP IOSTargetPlatform
[2019.01.11-06.06.44:712][  0]LogTemp: Display: Loaded TP IOSTargetPlatform
[2019.01.11-06.06.44:726][  0]LogTemp: Display: Loaded TP TVOSTargetPlatform
[2019.01.11-06.06.44:726][  0]LogTemp: Display: Loaded TP TVOSTargetPlatform
[2019.01.11-06.06.44:734][  0]LogTemp: Display: Loaded TP LinuxClientTargetPlatform
[2019.01.11-06.06.44:742][  0]LogTemp: Display: Loaded TP LinuxNoEditorTargetPlatform
[2019.01.11-06.06.44:750][  0]LogTemp: Display: Loaded TP LinuxServerTargetPlatform
[2019.01.11-06.06.44:758][  0]LogTemp: Display: Loaded TP LinuxTargetPlatform
[2019.01.11-06.06.44:786][  0]LogTemp: Display: Loaded TP LuminTargetPlatform
[2019.01.11-06.06.44:786][  0]LogTemp: Display: Loaded TP LuminTargetPlatform
[2019.01.11-06.06.44:786][  0]LogTargetPlatformManager: Display: Building Assets For Windows
[2019.01.11-06.06.44:817][  0]LogShaderCompilers: Guid format shader working directory is -7 characters bigger than the processId version (E:/Unreal Engine FPS Template/SimpleFPSTemplate-master/Intermediate/Shaders/WorkingDirectory/4688/).
[2019.01.11-06.06.44:817][  0]LogShaderCompilers: Cleaned the shader compiler working directory 'C:/Users/Enrico/AppData/Local/Temp/UnrealShaderWorkingDir/5009AE0E464855AEC058DCB04B0E20C7/'.
[2019.01.11-06.06.44:818][  0]LogXGEController: Cannot use XGE Controller as Incredibuild is not installed on this machine.
[2019.01.11-06.06.44:818][  0]LogShaderCompilers: Cannot use XGE Shader Compiler as Incredibuild is not installed on this machine.
[2019.01.11-06.06.44:818][  0]LogShaderCompilers: Display: Using Local Shader Compiler.
[2019.01.11-06.06.45:175][  0]LogDerivedDataCache: Display: Max Cache Size: 512 MB
[2019.01.11-06.06.45:216][  0]LogDerivedDataCache: Loaded boot cache 0.04s 86MB C:/Users/Enrico/AppData/Local/UnrealEngine/4.21/DerivedDataCache/Boot.ddc.
[2019.01.11-06.06.45:216][  0]LogDerivedDataCache: Display: Loaded Boot cache: C:/Users/Enrico/AppData/Local/UnrealEngine/4.21/DerivedDataCache/Boot.ddc
[2019.01.11-06.06.45:216][  0]LogDerivedDataCache: FDerivedDataBackendGraph:  Pak pak cache file E:/Unreal Engine FPS Template/SimpleFPSTemplate-master/DerivedDataCache/DDC.ddp not found, will not use a pak cache.
[2019.01.11-06.06.45:216][  0]LogDerivedDataCache: Unable to find inner node Pak for hierarchical cache Hierarchy.
[2019.01.11-06.06.45:216][  0]LogDerivedDataCache: FDerivedDataBackendGraph:  CompressedPak pak cache file E:/Unreal Engine FPS Template/SimpleFPSTemplate-master/DerivedDataCache/Compressed.ddp not found, will not use a pak cache.
[2019.01.11-06.06.45:216][  0]LogDerivedDataCache: Unable to find inner node CompressedPak for hierarchical cache Hierarchy.
[2019.01.11-06.06.45:225][  0]LogDerivedDataCache: Display: Pak cache opened for reading ../../../Engine/DerivedDataCache/Compressed.ddp.
[2019.01.11-06.06.45:225][  0]LogDerivedDataCache: FDerivedDataBackendGraph:  EnterprisePak pak cache file ../../../Enterprise/DerivedDataCache/Compressed.ddp not found, will not use a pak cache.
[2019.01.11-06.06.45:225][  0]LogDerivedDataCache: Unable to find inner node EnterprisePak for hierarchical cache Hierarchy.
[2019.01.11-06.06.45:237][  0]LogDerivedDataCache: Using Local data cache path C:/Users/Enrico/AppData/Local/UnrealEngine/Common/DerivedDataCache: Writable
[2019.01.11-06.06.45:237][  0]LogDerivedDataCache: Shared data cache path not found in *engine.ini, will not use an Shared cache.
[2019.01.11-06.06.45:237][  0]LogDerivedDataCache: Unable to find inner node Shared for hierarchical cache Hierarchy.
[2019.01.11-06.06.45:252][  0]LogMaterial: Verifying Global Shaders for PCD3D_SM5
[2019.01.11-06.06.45:253][  0]LogSlate: Using FreeType 2.6.0
[2019.01.11-06.06.45:253][  0]LogSlate: SlateFontServices - WITH_FREETYPE: 1, WITH_HARFBUZZ: 1
[2019.01.11-06.06.45:318][  0]LogAssetRegistry: FAssetRegistry took 0.0289 seconds to start up
[2019.01.11-06.06.45:526][  0]LogInit: Selected Device Profile: [Windows]
[2019.01.11-06.06.45:567][  0]LogSimplygon: Simplygon DLL not present - disabling.
[2019.01.11-06.06.45:569][  0]LogMeshReduction: Using SimplygonSwarm for distributed automatic mesh merging
[2019.01.11-06.06.45:569][  0]LogMeshReduction: Using ProxyLODMeshReduction for automatic mesh merging
[2019.01.11-06.06.45:569][  0]LogMeshReduction: Using QuadricMeshReduction for automatic static mesh reduction
[2019.01.11-06.06.45:569][  0]LogMeshReduction: No automatic skeletal mesh reduction module available
[2019.01.11-06.06.45:636][  0]LogNetVersion: FPSGame 1.0.0, NetCL: 4541578, EngineNetVer: 5, GameNetVer: 0 (Checksum: 267577011)
[2019.01.11-06.06.45:936][  0]LogPackageLocalizationCache: Processed 11 localized package path(s) for 2 prioritized culture(s) in 0.048045 seconds
[2019.01.11-06.06.45:941][  0]LogUObjectArray: 39775 objects as part of root set at end of initial load.
[2019.01.11-06.06.45:941][  0]LogUObjectAllocator: 6914664 out of 0 bytes used by permanent object pool.
[2019.01.11-06.06.45:941][  0]LogUObjectArray: CloseDisregardForGC: 0/0 objects in disregard for GC pool
[2019.01.11-06.06.46:511][  0]LogTcpMessaging: Initializing TcpMessaging bridge
[2019.01.11-06.06.46:528][  0]LogUdpMessaging: Initializing bridge on interface 0.0.0.0:0 to multicast group 230.0.0.1:6666.
[2019.01.11-06.06.47:101][  0]LogMaterial: Display: Missing cached shader map for material M_FPGun, compiling. 
[2019.01.11-06.06.47:140][  0]LogSkeletalMesh: Building Skeletal Mesh SK_FPGun...
[2019.01.11-06.06.47:150][  0]LogShaderCompilers: Display: Shaders left to compile 60
[2019.01.11-06.06.47:151][  0]LogShaderCompilers: Display: Shaders left to compile 50
[2019.01.11-06.06.47:151][  0]LogShaderCompilers: Display: Shaders left to compile 40
[2019.01.11-06.06.47:151][  0]LogShaderCompilers: Display: Shaders left to compile 30
[2019.01.11-06.06.47:151][  0]LogShaderCompilers: Display: Shaders left to compile 20
[2019.01.11-06.06.47:151][  0]LogShaderCompilers: Display: Shaders left to compile 10
[2019.01.11-06.06.47:151][  0]LogSkeletalMesh: Built Skeletal Mesh [0.01s] /Game/Weapon/SK_FPGun.SK_FPGun
[2019.01.11-06.06.47:153][  0]LogMaterial: Display: Missing cached shader map for material M_PlayerArms, compiling. 
[2019.01.11-06.06.47:171][  0]LogSkeletalMesh: Building Skeletal Mesh SK_Mannequin_Arms...
[2019.01.11-06.06.47:192][  0]LogSkeletalMesh: Built Skeletal Mesh [0.02s] /Game/Character/Mesh/SK_Mannequin_Arms.SK_Mannequin_Arms
[2019.01.11-06.06.47:195][  0]LogMaterial: Display: Missing cached shader map for material M_Projectile, compiling. 
[2019.01.11-06.06.47:203][  0]LogStaticMesh: Building static mesh FirstPersonProjectileMesh...
[2019.01.11-06.06.47:207][  0]LogStaticMesh: Built static mesh [0.00s] /Game/Weapon/FirstPersonProjectileMesh.FirstPersonProjectileMesh
[2019.01.11-06.06.47:237][  0]LogShaderCompilers: Display: Shaders left to compile 82
[2019.01.11-06.06.47:237][  0]LogShaderCompilers: Display: Shaders left to compile 72
[2019.01.11-06.06.47:237][  0]LogShaderCompilers: Display: Shaders left to compile 62
[2019.01.11-06.06.47:237][  0]SourceControl: Source control is disabled
[2019.01.11-06.06.47:237][  0]SourceControl: Source control is disabled
[2019.01.11-06.06.47:238][  0]SourceControl: Source control is disabled
[2019.01.11-06.06.47:238][  0]SourceControl: Source control is disabled
[2019.01.11-06.06.47:381][  0]LogAndroidPermission: UAndroidPermissionCallbackProxy::GetInstance
[2019.01.11-06.06.47:434][  0]LogOcInput: OculusInput pre-init called
[2019.01.11-06.06.47:560][  0]LogEngine: Initializing Engine...
[2019.01.11-06.06.47:560][  0]LogHMD: Failed to initialize OpenVR with code 110
[2019.01.11-06.06.47:562][  0]LogStats: UGameplayTagsManager::ConstructGameplayTagTree: ImportINI prefixes -  0.000 s
[2019.01.11-06.06.47:562][  0]LogStats: UGameplayTagsManager::ConstructGameplayTagTree: Construct from data asset -  0.000 s
[2019.01.11-06.06.47:562][  0]LogStats: UGameplayTagsManager::ConstructGameplayTagTree: ImportINI -  0.000 s
[2019.01.11-06.06.47:562][  0]LogStats: UGameplayTagsManager::ConstructGameplayTagTree: GameplayTagTreeChangedEvent.Broadcast -  0.000 s
[2019.01.11-06.06.47:826][  0]LogInit: Initializing FReadOnlyCVARCache
[2019.01.11-06.06.47:842][  0]LogAIModule: Creating AISystem for world Untitled
[2019.01.11-06.06.47:866][  0]LogInit: XAudio2 using 'Headphones (High Definition Audio Device)' : 2 channels at 48 kHz using 16 bits per sample (channel mask 0x3)
[2019.01.11-06.06.47:883][  0]LogInit: FAudioDevice initialized.
[2019.01.11-06.06.47:883][  0]LogNetVersion: Set ProjectVersion to 1.0.0.0. Version Checksum will be recalculated on next use.
[2019.01.11-06.06.47:966][  0]LogDerivedDataCache: Saved boot cache 0.08s 88MB C:/Users/Enrico/AppData/Local/UnrealEngine/4.21/DerivedDataCache/Boot.ddc.
[2019.01.11-06.06.47:970][  0]LogInit: Texture streaming: Enabled
[2019.01.11-06.06.47:990][  0]LogEngineSessionManager: EngineSessionManager initialized
[2019.01.11-06.06.48:009][  0]LogInit: Transaction tracking system initialized
[2019.01.11-06.06.48:036][  0]BlueprintLog: New page: Editor Load
[2019.01.11-06.06.48:172][  0]LocalizationService: Localization service is disabled
[2019.01.11-06.06.48:763][  0]LogFileCache: Scanning file cache for directory 'E:/Unreal Engine FPS Template/SimpleFPSTemplate-master/Content/' took 0.01s
[2019.01.11-06.06.48:763][  0]LogCook: Display: Max memory allowance for cook 16384mb min free memory 0mb
[2019.01.11-06.06.48:763][  0]LogCook: Display: Mobile HDR setting 1
[2019.01.11-06.06.48:763][  0]LogGameplayTags: Display: UGameplayTagsManager::DoneAddingNativeTags. DelegateIsBound: 0
[2019.01.11-06.06.48:763][  0]LogStats: UGameplayTagsManager::ConstructGameplayTagTree: ImportINI prefixes -  0.000 s
[2019.01.11-06.06.48:763][  0]LogStats: UGameplayTagsManager::ConstructGameplayTagTree: Construct from data asset -  0.000 s
[2019.01.11-06.06.48:763][  0]LogStats: UGameplayTagsManager::ConstructGameplayTagTree: ImportINI -  0.000 s
[2019.01.11-06.06.48:763][  0]LogStats: UGameplayTagsManager::ConstructGameplayTagTree: GameplayTagTreeChangedEvent.Broadcast -  0.000 s
[2019.01.11-06.06.48:912][  0]SourceControl: Source control is disabled
[2019.01.11-06.06.48:912][  0]Cmd: MAP LOAD FILE="E:/Unreal Engine FPS Template/SimpleFPSTemplate-master/Content/Maps/FirstPersonExampleMap.umap" TEMPLATE=0 SHOWPROGRESS=1 FEATURELEVEL=3
[2019.01.11-06.06.48:913][  0]LightingResults: New page: Lighting Build
[2019.01.11-06.06.48:915][  0]MapCheck: New page: Map Check
[2019.01.11-06.06.48:916][  0]LightingResults: New page: Lighting Build
[2019.01.11-06.06.49:149][  0]LogTexture: Display: Building textures: AOMaterialMask0_1 (BC4, 1024X512)
[2019.01.11-06.06.49:149][  0]LogTexture: Display: Building textures: ShadowMapTexture2D_2 (G8, 1024X512)
[2019.01.11-06.06.49:149][  0]LogTexture: Display: Building textures: SkyOcclusion1_1 (AutoDXT, 1024X512)
[2019.01.11-06.06.49:149][  0]LogTexture: Display: Building textures: LQ_Lightmap_1_1 (DXT1, 1024X1024)
[2019.01.11-06.06.49:149][  0]LogTexture: Display: Building textures: HQ_Lightmap1_1 (AutoDXT, 1024X1024)
[2019.01.11-06.06.49:151][  0]LogStaticMesh: Building static mesh Shape_Cube...
[2019.01.11-06.06.49:152][  0]LogStaticMesh: Built static mesh [0.00s] /Game/Environment/Shape_Cube.Shape_Cube
[2019.01.11-06.06.49:156][  0]LogMaterial: Display: Missing cached shader map for material M_Cube, compiling. 
[2019.01.11-06.06.49:171][  0]LogMaterial: Display: Missing cached shader map for material AntiAliasedTextMaterialTranslucent_Glow, compiling. 
[2019.01.11-06.06.49:211][  0]LogMaterial: Display: Missing cached shader map for material M_BlockoutSimple, compiling. 
[2019.01.11-06.06.49:249][  0]LogMaterial: Display: Missing cached shader map for material M_BlockoutSimple, compiling. 
[2019.01.11-06.06.49:269][  0]LogAIModule: Creating AISystem for world FirstPersonExampleMap
[2019.01.11-06.06.49:279][  0]LogEditorServer: Finished looking for orphan Actors (0.000 secs)
[2019.01.11-06.06.49:303][  0]Cmd: MAP CHECKDEP NOCLEARLOG
[2019.01.11-06.06.49:304][  0]MapCheck: Map check complete: 0 Error(s), 0 Warning(s), took 0.153ms to complete.
[2019.01.11-06.06.49:304][  0]LogFileHelpers: Loading map 'FirstPersonExampleMap' took 0.391
[2019.01.11-06.06.49:426][  0]LogSlate: Updating window title bar state: overlay mode, drag disabled, window buttons hidden, title bar hidden
[2019.01.11-06.06.49:435][  0]LogSlate: Updating window title bar state: overlay mode, drag disabled, window buttons hidden, title bar hidden
[2019.01.11-06.06.49:443][  0]LogSlate: Updating window title bar state: overlay mode, drag disabled, window buttons hidden, title bar hidden
[2019.01.11-06.06.49:451][  0]LogSlate: Updating window title bar state: overlay mode, drag disabled, window buttons hidden, title bar hidden
[2019.01.11-06.06.49:463][  0]LogCollectionManager: Loaded 0 collections in 0.001336 seconds
[2019.01.11-06.06.49:515][  0]LogFileCache: Scanning file cache for directory 'E:/Unreal Engine FPS Template/SimpleFPSTemplate-master/Saved/Collections/' took 0.01s
[2019.01.11-06.06.49:515][  0]LogFileCache: Scanning file cache for directory 'E:/Unreal Engine FPS Template/SimpleFPSTemplate-master/Content/Developers/Enrico/Collections/' took 0.01s
[2019.01.11-06.06.49:515][  0]LogShaderCompilers: Display: Shaders left to compile 181
[2019.01.11-06.06.49:515][  0]LogFileCache: Scanning file cache for directory 'E:/Unreal Engine FPS Template/SimpleFPSTemplate-master/Content/Collections/' took 0.01s
[2019.01.11-06.06.49:515][  0]LogCollectionManager: Rebuilt the GUID cache for 0 collections in 0.000001 seconds
[2019.01.11-06.06.49:527][  0]LogContentBrowser: Native class hierarchy populated in 0.0110 seconds. Added 2655 classes and 623 folders.
[2019.01.11-06.06.49:538][  0]LogContentBrowser: Native class hierarchy updated for 'WidgetCarousel' in 0.0004 seconds. Added 0 classes and 0 folders.
[2019.01.11-06.06.49:548][  0]LogPakFile: Registered encryption key '00000000000000000000000000000000': 0 pak files mounted, 0 remain pending
[2019.01.11-06.06.49:552][  0]LogShaderCompilers: Display: Shaders left to compile 171
[2019.01.11-06.06.49:552][  0]LogPakFile: Registered encryption key '00000000000000000000000000000000': 0 pak files mounted, 0 remain pending
[2019.01.11-06.06.49:555][  0]LogPakFile: Registered encryption key '00000000000000000000000000000000': 0 pak files mounted, 0 remain pending
[2019.01.11-06.06.49:557][  0]LogPakFile: Registered encryption key '00000000000000000000000000000000': 0 pak files mounted, 0 remain pending
[2019.01.11-06.06.49:561][  0]LogPakFile: Registered encryption key '00000000000000000000000000000000': 0 pak files mounted, 0 remain pending
[2019.01.11-06.06.49:564][  0]LogPakFile: Registered encryption key '00000000000000000000000000000000': 0 pak files mounted, 0 remain pending
[2019.01.11-06.06.49:567][  0]LogPakFile: Registered encryption key '00000000000000000000000000000000': 0 pak files mounted, 0 remain pending
[2019.01.11-06.06.49:570][  0]LogPakFile: Registered encryption key '00000000000000000000000000000000': 0 pak files mounted, 0 remain pending
[2019.01.11-06.06.49:573][  0]LogPakFile: Registered encryption key '00000000000000000000000000000000': 0 pak files mounted, 0 remain pending
[2019.01.11-06.06.49:576][  0]LogPakFile: Registered encryption key '00000000000000000000000000000000': 0 pak files mounted, 0 remain pending
[2019.01.11-06.06.49:579][  0]LogPakFile: Registered encryption key '00000000000000000000000000000000': 0 pak files mounted, 0 remain pending
[2019.01.11-06.06.49:582][  0]LogPakFile: Registered encryption key '00000000000000000000000000000000': 0 pak files mounted, 0 remain pending
[2019.01.11-06.06.49:585][  0]LogPakFile: Registered encryption key '00000000000000000000000000000000': 0 pak files mounted, 0 remain pending
[2019.01.11-06.06.49:588][  0]LogPakFile: Registered encryption key '00000000000000000000000000000000': 0 pak files mounted, 0 remain pending
[2019.01.11-06.06.49:591][  0]LogPakFile: Registered encryption key '00000000000000000000000000000000': 0 pak files mounted, 0 remain pending
[2019.01.11-06.06.49:594][  0]LogPakFile: Registered encryption key '00000000000000000000000000000000': 0 pak files mounted, 0 remain pending
[2019.01.11-06.06.49:597][  0]LogPakFile: Registered encryption key '00000000000000000000000000000000': 0 pak files mounted, 0 remain pending
[2019.01.11-06.06.49:600][  0]LogPakFile: Registered encryption key '00000000000000000000000000000000': 0 pak files mounted, 0 remain pending
[2019.01.11-06.06.49:603][  0]LogPakFile: Registered encryption key '00000000000000000000000000000000': 0 pak files mounted, 0 remain pending
[2019.01.11-06.06.49:606][  0]LogPakFile: Registered encryption key '00000000000000000000000000000000': 0 pak files mounted, 0 remain pending
[2019.01.11-06.06.49:609][  0]LogPakFile: Registered encryption key '00000000000000000000000000000000': 0 pak files mounted, 0 remain pending
[2019.01.11-06.06.49:613][  0]LogPakFile: Registered encryption key '00000000000000000000000000000000': 0 pak files mounted, 0 remain pending
[2019.01.11-06.06.49:617][  0]LogPakFile: Registered encryption key '00000000000000000000000000000000': 0 pak files mounted, 0 remain pending
[2019.01.11-06.06.49:621][  0]LogPakFile: Registered encryption key '00000000000000000000000000000000': 0 pak files mounted, 0 remain pending
[2019.01.11-06.06.49:626][  0]LogPakFile: Registered encryption key '00000000000000000000000000000000': 0 pak files mounted, 0 remain pending
[2019.01.11-06.06.49:630][  0]LogPakFile: Registered encryption key '00000000000000000000000000000000': 0 pak files mounted, 0 remain pending
[2019.01.11-06.06.49:761][  0]LogShaderCompilers: Display: Shaders left to compile 161
[2019.01.11-06.06.49:761][  0]LogContentBrowser: Native class hierarchy updated for 'AddContentDialog' in 0.0004 seconds. Added 0 classes and 0 folders.
[2019.01.11-06.06.49:781][  0]LogContentBrowser: Native class hierarchy updated for 'SceneOutliner' in 0.0004 seconds. Added 1 classes and 2 folders.
[2019.01.11-06.06.49:825][  0]LogShaderCompilers: Display: Shaders left to compile 151
[2019.01.11-06.06.49:825][  0]LogShaderCompilers: Display: Shaders left to compile 141
[2019.01.11-06.06.49:825][  0]LogSlate: Took 0.000296 seconds to synchronously load lazily loaded font '../../../Engine/Content/Slate/Fonts/Roboto-Regular.ttf' (155K)
[2019.01.11-06.06.49:826][  0]LogSlate: Took 0.000156 seconds to synchronously load lazily loaded font '../../../Engine/Content/Slate/Fonts/Roboto-Bold.ttf' (160K)
[2019.01.11-06.06.49:834][  0]LogSlate: Took 0.001585 seconds to synchronously load lazily loaded font '../../../Engine/Content/Editor/Slate/Fonts/FontAwesome.ttf' (139K)
[2019.01.11-06.06.49:947][  0]LogRenderer: Reallocating scene render targets to support 1208x576 Format 10 NumSamples 1 (Frame:1).
[2019.01.11-06.06.50:252][  0]LogShaderCompilers: Display: Shaders left to compile 131
[2019.01.11-06.06.50:252][  0]LogSlate: FSceneViewport::OnFocusLost() reason 2
[2019.01.11-06.06.50:275][  0]LogSlate: Window 'Tutorials' being destroyed
[2019.01.11-06.06.50:312][  0]LogContentBrowser: Native class hierarchy updated for 'HierarchicalLODOutliner' in 0.0004 seconds. Added 0 classes and 0 folders.
[2019.01.11-06.06.50:312][  0]LogLoad: (Engine Initialization) Total time: 53.56 seconds
[2019.01.11-06.06.50:312][  0]LogLoad: (Engine Initialization) Total Blueprint compile time: 0.00 seconds
[2019.01.11-06.06.50:322][  0]LogWindowsTextInputMethodSystem: Display: IME system now deactivated.
[2019.01.11-06.06.50:370][  0]LogContentStreaming: Texture pool size now 1000 MB
[2019.01.11-06.06.50:392][  0]LogSlate: Took 0.002301 seconds to synchronously load lazily loaded font '../../../Engine/Content/Slate/Fonts/Roboto-Light.ttf' (167K)
[2019.01.11-06.06.50:430][  1]LogAssetRegistry: Asset discovery search completed in 5.1345 seconds
[2019.01.11-06.06.50:433][  1]LogCollectionManager: Rebuilt the object cache for 0 collections in 0.000001 seconds (found 0 objects)
[2019.01.11-06.06.50:434][  1]LogCollectionManager: Fixed up redirectors for 0 collections in 0.000133 seconds (updated 0 objects)
[2019.01.11-06.06.50:640][ 21]LogShaderCompilers: Display: Shaders left to compile 121
[2019.01.11-06.06.50:875][ 46]LogShaderCompilers: Display: Shaders left to compile 111
[2019.01.11-06.06.50:899][ 49]LogShaderCompilers: Display: Shaders left to compile 101
[2019.01.11-06.06.51:708][126]LogShaderCompilers: Display: Shaders left to compile 91
[2019.01.11-06.06.51:896][144]LogShaderCompilers: Display: Shaders left to compile 81
[2019.01.11-06.06.52:067][164]LogShaderCompilers: Display: Shaders left to compile 71
[2019.01.11-06.06.52:488][212]LogShaderCompilers: Display: Shaders left to compile 61
[2019.01.11-06.06.52:810][249]LogShaderCompilers: Display: Shaders left to compile 51
[2019.01.11-06.06.53:035][274]LogShaderCompilers: Display: Shaders left to compile 41
[2019.01.11-06.06.53:189][291]LogShaderCompilers: Display: Shaders left to compile 31
[2019.01.11-06.06.53:554][330]LogShaderCompilers: Display: Shaders left to compile 21
[2019.01.11-06.06.53:822][361]LogShaderCompilers: Display: Shaders left to compile 11
[2019.01.11-06.06.54:515][440]LogShaderCompilers: Display: Shaders left to compile 1
[2019.01.11-06.07.03:364][105]LogSlate: FSceneViewport::OnFocusLost() reason 0
[2019.01.11-06.17.43:842][343]LogHotReload: New module detected: UE4Editor-FPSGame-6885.dll
[2019.01.11-06.17.44:524][346]LogHotReload: Starting Hot-Reload from IDE
[2019.01.11-06.17.44:526][346]LogSlate: Took 0.000144 seconds to synchronously load lazily loaded font '../../../Engine/Content/Slate/Fonts/Roboto-Light.ttf' (167K)
[2019.01.11-06.17.44:591][346]LogContentBrowser: Native class hierarchy updated for 'FPSGame' in 0.0003 seconds. Added 4 classes and 3 folders.
[2019.01.11-06.17.44:593][346]Display: HotReload successful (1 functions remapped  0 scriptstructs remapped)
[2019.01.11-06.17.44:762][346]LogContentBrowser: Native class hierarchy populated in 0.0057 seconds. Added 2656 classes and 625 folders.
[2019.01.11-06.17.44:764][346]Display: HotReload took  0.2s.
[2019.01.11-06.17.58:988][477]LogSlate: Window 'FPSGame - Unreal Editor' being destroyed
[2019.01.11-06.17.59:128][478]Cmd: QUIT_EDITOR
[2019.01.11-06.17.59:137][478]LogWindowsTextInputMethodSystem: Display: IME system now deactivated.
[2019.01.11-06.17.59:143][478]LogExit: Preparing to exit.
[2019.01.11-06.17.59:890][478]LogExit: Editor shut down
[2019.01.11-06.17.59:890][478]LogExit: Transaction tracking system shut down
[2019.01.11-06.18.00:025][478]LogExit: Object subsystem successfully closed.
[2019.01.11-06.18.00:043][478]LogShaderCompilers: Display: Shaders left to compile 0
[2019.01.11-06.18.00:045][478]LogD3D11RHI: Shutdown
[2019.01.11-06.18.00:045][478]LogD3D11RHI: CleanupD3DDevice
[2019.01.11-06.18.00:046][478]LogD3D11RHI: ~FD3D11DynamicRHI
[2019.01.11-06.18.00:060][478]LogModuleManager: Shutting down and abandoning module FPSGame (627)
[2019.01.11-06.18.00:060][478]LogModuleManager: Shutting down and abandoning module HierarchicalLODOutliner (626)
[2019.01.11-06.18.00:061][478]LogModuleManager: Shutting down and abandoning module SceneOutliner (624)
[2019.01.11-06.18.00:061][478]LogModuleManager: Shutting down and abandoning module AddContentDialog (622)
[2019.01.11-06.18.00:061][478]LogModuleManager: Shutting down and abandoning module WidgetCarousel (621)
[2019.01.11-06.18.00:061][478]LogModuleManager: Shutting down and abandoning module EditorWidgets (618)
[2019.01.11-06.18.00:061][478]LogModuleManager: Shutting down and abandoning module CollectionManager (616)
[2019.01.11-06.18.00:061][478]LogModuleManager: Shutting down and abandoning module StatsViewer (614)
[2019.01.11-06.18.00:061][478]LogModuleManager: Shutting down and abandoning module FoliageEdit (612)
[2019.01.11-06.18.00:061][478]LogModuleManager: Shutting down and abandoning module LandscapeEditor (610)
[2019.01.11-06.18.00:061][478]LogModuleManager: Shutting down and abandoning module MeshPaintMode (608)
[2019.01.11-06.18.00:061][478]LogModuleManager: Shutting down and abandoning module SceneDepthPickerMode (606)
[2019.01.11-06.18.00:061][478]LogModuleManager: Shutting down and abandoning module ActorPickerMode (604)
[2019.01.11-06.18.00:061][478]LogModuleManager: Shutting down and abandoning module GeometryMode (602)
[2019.01.11-06.18.00:061][478]LogModuleManager: Shutting down and abandoning module TextureAlignMode (600)
[2019.01.11-06.18.00:061][478]LogModuleManager: Shutting down and abandoning module BspMode (598)
[2019.01.11-06.18.00:061][478]LogModuleManager: Shutting down and abandoning module PIEPreviewDeviceProfileSelector (596)
[2019.01.11-06.18.00:061][478]LogModuleManager: Shutting down and abandoning module SequenceRecorderSections (594)
[2019.01.11-06.18.00:061][478]LogModuleManager: Shutting down and abandoning module AutomationWorker (592)
[2019.01.11-06.18.00:061][478]LogModuleManager: Shutting down and abandoning module AudioCaptureEditor (590)
[2019.01.11-06.18.00:061][478]LogModuleManager: Shutting down and abandoning module MatineeToLevelSequence (588)
[2019.01.11-06.18.00:061][478]LogModuleManager: Shutting down and abandoning module LevelSequenceEditor (586)
[2019.01.11-06.18.00:061][478]LogModuleManager: Shutting down and abandoning module PlacementMode (585)
[2019.01.11-06.18.00:061][478]LogModuleManager: Shutting down and abandoning module MaterialEditor (584)
[2019.01.11-06.18.00:061][478]LogModuleManager: Shutting down and abandoning module WmfMediaFactory (580)
[2019.01.11-06.18.00:061][478]LogModuleManager: Shutting down and abandoning module WmfMediaEditor (578)
[2019.01.11-06.18.00:061][478]LogModuleManager: Shutting down and abandoning module WebMMediaFactory (576)
[2019.01.11-06.18.00:061][478]LogModuleManager: Shutting down and abandoning module WebMMediaEditor (574)
[2019.01.11-06.18.00:061][478]LogModuleManager: Shutting down and abandoning module WebMMedia (572)
[2019.01.11-06.18.00:061][478]LogModuleManager: Shutting down and abandoning module MediaPlayerEditor (570)
[2019.01.11-06.18.00:061][478]LogModuleManager: Shutting down and abandoning module MediaCompositingEditor (568)
[2019.01.11-06.18.00:061][478]LogModuleManager: Shutting down and abandoning module SequenceRecorder (567)
[2019.01.11-06.18.00:061][478]LogModuleManager: Shutting down and abandoning module OpenExrWrapper (564)
[2019.01.11-06.18.00:061][478]LogModuleManager: Shutting down and abandoning module ImgMediaFactory (562)
[2019.01.11-06.18.00:061][478]LogModuleManager: Shutting down and abandoning module ImgMediaEditor (560)
[2019.01.11-06.18.00:061][478]LogModuleManager: Shutting down and abandoning module AvfMediaFactory (558)
[2019.01.11-06.18.00:061][478]LogModuleManager: Shutting down and abandoning module AvfMediaEditor (556)
[2019.01.11-06.18.00:061][478]LogModuleManager: Shutting down and abandoning module AndroidMediaFactory (554)
[2019.01.11-06.18.00:061][478]LogModuleManager: Shutting down and abandoning module AndroidMediaEditor (552)
[2019.01.11-06.18.00:062][478]LogModuleManager: Shutting down and abandoning module MagicLeapCameraPreviewFactory (550)
[2019.01.11-06.18.00:062][478]LogModuleManager: Shutting down and abandoning module MagicLeapMediaFactory (548)
[2019.01.11-06.18.00:062][478]LogModuleManager: Shutting down and abandoning module MagicLeapMediaEditor (546)
[2019.01.11-06.18.00:062][478]LogModuleManager: Shutting down and abandoning module CharacterAI (544)
[2019.01.11-06.18.00:062][478]LogModuleManager: Shutting down and abandoning module SmartSnapping (542)
[2019.01.11-06.18.00:062][478]LogModuleManager: Shutting down and abandoning module SessionServices (540)
[2019.01.11-06.18.00:062][478]LogModuleManager: Shutting down and abandoning module ViewportSnapping (538)
[2019.01.11-06.18.00:062][478]LogModuleManager: Shutting down and abandoning module ViewportInteraction (536)
[2019.01.11-06.18.00:062][478]LogModuleManager: Shutting down and abandoning module ClothPainter (534)
[2019.01.11-06.18.00:062][478]LogModuleManager: Shutting down and abandoning module SkeletalMeshEditor (533)
[2019.01.11-06.18.00:062][478]LogModuleManager: Shutting down and abandoning module LogVisualizer (530)
[2019.01.11-06.18.00:062][478]LogModuleManager: Shutting down and abandoning module IntroTutorials (528)
[2019.01.11-06.18.00:062][478]LogModuleManager: Shutting down and abandoning module GameProjectGeneration (527)
[2019.01.11-06.18.00:062][478]LogModuleManager: Shutting down and abandoning module LuminPlatformEditor (524)
[2019.01.11-06.18.00:062][478]LogModuleManager: Shutting down and abandoning module IOSPlatformEditor (522)
[2019.01.11-06.18.00:062][478]LogModuleManager: Shutting down and abandoning module HTML5PlatformEditor (520)
[2019.01.11-06.18.00:062][478]LogModuleManager: Shutting down and abandoning module AndroidPlatformEditor (518)
[2019.01.11-06.18.00:062][478]LogModuleManager: Shutting down and abandoning module AndroidDeviceDetection (517)
[2019.01.11-06.18.00:806][478]LogModuleManager: Shutting down and abandoning module WindowsPlatformEditor (514)
[2019.01.11-06.18.00:806][478]LogModuleManager: Shutting down and abandoning module LuminRuntimeSettings (512)
[2019.01.11-06.18.00:806][478]LogModuleManager: Shutting down and abandoning module IOSRuntimeSettings (510)
[2019.01.11-06.18.00:806][478]LogModuleManager: Shutting down and abandoning module AndroidRuntimeSettings (508)
[2019.01.11-06.18.00:806][478]LogModuleManager: Shutting down and abandoning module TimeManagementEditor (506)
[2019.01.11-06.18.00:806][478]LogModuleManager: Shutting down and abandoning module InputBindingEditor (504)
[2019.01.11-06.18.00:806][478]LogModuleManager: Shutting down and abandoning module MergeActors (502)
[2019.01.11-06.18.00:806][478]LogModuleManager: Shutting down and abandoning module LocalizationDashboard (500)
[2019.01.11-06.18.00:806][478]LogModuleManager: Shutting down and abandoning module LocalizationService (499)
[2019.01.11-06.18.00:806][478]LogModuleManager: Shutting down and abandoning module HardwareTargeting (496)
[2019.01.11-06.18.00:806][478]LogModuleManager: Shutting down and abandoning module DeviceProfileEditor (494)
[2019.01.11-06.18.00:806][478]LogModuleManager: Shutting down and abandoning module UndoHistory (492)
[2019.01.11-06.18.00:806][478]LogModuleManager: Shutting down and abandoning module XmlParser (490)
[2019.01.11-06.18.00:806][478]LogModuleManager: Shutting down and abandoning module Blutility (488)
[2019.01.11-06.18.00:806][478]LogModuleManager: Shutting down and abandoning module ProjectSettingsViewer (486)
[2019.01.11-06.18.00:806][478]LogModuleManager: Shutting down and abandoning module ProjectTargetPlatformEditor (485)
[2019.01.11-06.18.00:806][478]LogModuleManager: Shutting down and abandoning module EditorSettingsViewer (482)
[2019.01.11-06.18.00:806][478]LogModuleManager: Shutting down and abandoning module SettingsEditor (480)
[2019.01.11-06.18.00:806][478]LogModuleManager: Shutting down and abandoning module ProjectLauncher (478)
[2019.01.11-06.18.00:806][478]LogModuleManager: Shutting down and abandoning module SessionFrontend (476)
[2019.01.11-06.18.00:806][478]LogModuleManager: Shutting down and abandoning module ProfilerClient (474)
[2019.01.11-06.18.00:806][478]LogModuleManager: Shutting down and abandoning module DeviceManager (472)
[2019.01.11-06.18.00:806][478]LogModuleManager: Shutting down and abandoning module TargetDeviceServices (471)
[2019.01.11-06.18.00:862][478]LogModuleManager: Shutting down and abandoning module AutomationController (468)
[2019.01.11-06.18.00:862][478]LogModuleManager: Shutting down and abandoning module AutomationWindow (466)
[2019.01.11-06.18.00:862][478]LogModuleManager: Shutting down and abandoning module Layers (464)
[2019.01.11-06.18.00:862][478]LogModuleManager: Shutting down and abandoning module ComponentVisualizers (462)
[2019.01.11-06.18.00:862][478]LogModuleManager: Shutting down and abandoning module DetailCustomizations (460)
[2019.01.11-06.18.00:862][478]LogModuleManager: Shutting down and abandoning module PackagesDialog (458)
[2019.01.11-06.18.00:862][478]LogModuleManager: Shutting down and abandoning module Persona (456)
[2019.01.11-06.18.00:862][478]LogModuleManager: Shutting down and abandoning module AdvancedPreviewScene (455)
[2019.01.11-06.18.00:862][478]LogModuleManager: Shutting down and abandoning module AnimGraph (453)
[2019.01.11-06.18.00:862][478]LogModuleManager: Shutting down and abandoning module Kismet (450)
[2019.01.11-06.18.00:862][478]LogModuleManager: Shutting down and abandoning module GraphEditor (448)
[2019.01.11-06.18.00:862][478]LogModuleManager: Shutting down and abandoning module ClassViewer (446)
[2019.01.11-06.18.00:862][478]LogModuleManager: Shutting down and abandoning module Toolbox (444)
[2019.01.11-06.18.00:862][478]LogModuleManager: Shutting down and abandoning module ModuleUI (442)
[2019.01.11-06.18.00:862][478]LogModuleManager: Shutting down and abandoning module MovieSceneTools (440)
[2019.01.11-06.18.00:862][478]LogModuleManager: Shutting down and abandoning module OutputLog (438)
[2019.01.11-06.18.00:862][478]LogModuleManager: Shutting down and abandoning module GammaUI (436)
[2019.01.11-06.18.00:862][478]LogModuleManager: Shutting down and abandoning module Documentation (434)
[2019.01.11-06.18.00:862][478]LogModuleManager: Shutting down and abandoning module MovieSceneTracks (432)
[2019.01.11-06.18.00:862][478]LogModuleManager: Shutting down and abandoning module MovieScene (430)
[2019.01.11-06.18.00:862][478]LogModuleManager: Shutting down and abandoning module StreamingPauseRendering (428)
[2019.01.11-06.18.00:862][478]LogModuleManager: Shutting down and abandoning module LauncherPlatform (426)
[2019.01.11-06.18.00:862][478]LogModuleManager: Shutting down and abandoning module AnalyticsET (424)
[2019.01.11-06.18.00:862][478]LogModuleManager: Shutting down and abandoning module PortalServices (422)
[2019.01.11-06.18.00:862][478]LogModuleManager: Shutting down and abandoning module PortalRpc (420)
[2019.01.11-06.18.00:862][478]LogModuleManager: Shutting down and abandoning module MessagingRpc (418)
[2019.01.11-06.18.00:862][478]LogModuleManager: Shutting down and abandoning module AIModule (416)
[2019.01.11-06.18.00:862][478]LogModuleManager: Shutting down and abandoning module GameplayDebugger (415)
[2019.01.11-06.18.00:863][478]LogModuleManager: Shutting down and abandoning module AITestSuite (413)
[2019.01.11-06.18.00:863][478]LogModuleManager: Shutting down and abandoning module NavigationSystem (411)
[2019.01.11-06.18.00:863][478]LogModuleManager: Shutting down and abandoning module ImageWriteQueue (408)
[2019.01.11-06.18.00:864][478]LogModuleManager: Shutting down and abandoning module ProfilerService (406)
[2019.01.11-06.18.01:093][478]LogModuleManager: Shutting down and abandoning module TaskGraph (404)
[2019.01.11-06.18.01:093][478]LogModuleManager: Shutting down and abandoning module SteamVRController (402)
[2019.01.11-06.18.01:093][478]LogModuleManager: Shutting down and abandoning module ProceduralMeshComponentEditor (400)
[2019.01.11-06.18.01:093][478]LogModuleManager: Shutting down and abandoning module ProceduralMeshComponent (398)
[2019.01.11-06.18.01:093][478]LogModuleManager: Shutting down and abandoning module OculusInput (396)
[2019.01.11-06.18.01:093][478]LogModuleManager: Shutting down and abandoning module MobilePatchingUtils (394)
[2019.01.11-06.18.01:093][478]LogModuleManager: Shutting down and abandoning module EditableMesh (392)
[2019.01.11-06.18.01:093][478]LogModuleManager: Shutting down and abandoning module CustomMeshComponent (390)
[2019.01.11-06.18.01:093][478]LogModuleManager: Shutting down and abandoning module CableComponent (388)
[2019.01.11-06.18.01:093][478]LogModuleManager: Shutting down and abandoning module AudioCapture (386)
[2019.01.11-06.18.01:093][478]LogModuleManager: Shutting down and abandoning module ArchVisCharacter (384)
[2019.01.11-06.18.01:093][478]LogModuleManager: Shutting down and abandoning module AndroidPermission (382)
[2019.01.11-06.18.01:093][478]LogModuleManager: Shutting down and abandoning module NUTUnrealEngine4 (380)
[2019.01.11-06.18.01:093][478]LogModuleManager: Shutting down and abandoning module NetcodeUnitTest (378)
[2019.01.11-06.18.01:093][478]LogModuleManager: Shutting down and abandoning module MediaCompositing (376)
[2019.01.11-06.18.01:093][478]LogModuleManager: Shutting down and abandoning module LinearTimecode (374)
[2019.01.11-06.18.01:093][478]LogModuleManager: Shutting down and abandoning module ImgMedia (372)
[2019.01.11-06.18.01:095][478]LogModuleManager: Shutting down and abandoning module HTML5Networking (370)
[2019.01.11-06.18.01:095][478]LogModuleManager: Shutting down and abandoning module GeometryCacheTracks (368)
[2019.01.11-06.18.01:095][478]LogModuleManager: Shutting down and abandoning module GeometryCacheSequencer (366)
[2019.01.11-06.18.01:095][478]LogModuleManager: Shutting down and abandoning module BackChannel (364)
[2019.01.11-06.18.01:095][478]LogModuleManager: Shutting down and abandoning module AppleVision (362)
[2019.01.11-06.18.01:095][478]LogModuleManager: Shutting down and abandoning module AppleImageUtilsBlueprintSupport (360)
[2019.01.11-06.18.01:095][478]LogModuleManager: Shutting down and abandoning module AppleImageUtils (358)
[2019.01.11-06.18.01:095][478]LogModuleManager: Shutting down and abandoning module AlembicImporter (356)
[2019.01.11-06.18.01:095][478]LogModuleManager: Shutting down and abandoning module AlembicLibrary (355)
[2019.01.11-06.18.01:095][478]LogModuleManager: Shutting down and abandoning module GeometryCache (354)
[2019.01.11-06.18.01:095][478]LogModuleManager: Shutting down and abandoning module GeometryCacheEd (353)
[2019.01.11-06.18.01:095][478]LogModuleManager: Shutting down and abandoning module VariantManagerContent (348)
[2019.01.11-06.18.01:095][478]LogModuleManager: Shutting down and abandoning module DatasmithContentEditor (346)
[2019.01.11-06.18.01:095][478]LogModuleManager: Shutting down and abandoning module SpeedTreeImporter (344)
[2019.01.11-06.18.01:095][478]LogModuleManager: Shutting down and abandoning module PluginBrowser (342)
[2019.01.11-06.18.01:095][478]LogModuleManager: Shutting down and abandoning module MobileLauncherProfileWizard (340)
[2019.01.11-06.18.01:095][478]LogModuleManager: Shutting down and abandoning module PolygonModeling (338)
[2019.01.11-06.18.01:095][478]LogModuleManager: Shutting down and abandoning module MeshEditor (336)
[2019.01.11-06.18.01:095][478]LogModuleManager: Shutting down and abandoning module CryptoKeysOpenSSL (334)
[2019.01.11-06.18.01:095][478]LogModuleManager: Shutting down and abandoning module CryptoKeys (332)
[2019.01.11-06.18.01:095][478]LogModuleManager: Shutting down and abandoning module VisualStudioSourceCodeAccess (330)
[2019.01.11-06.18.01:096][478]LogModuleManager: Shutting down and abandoning module VisualStudioCodeSourceCodeAccess (328)
[2019.01.11-06.18.01:096][478]LogModuleManager: Shutting down and abandoning module UObjectPlugin (326)
[2019.01.11-06.18.01:096][478]LogModuleManager: Shutting down and abandoning module SubversionSourceControl (324)
[2019.01.11-06.18.01:096][478]LogModuleManager: Shutting down and abandoning module PerforceSourceControl (322)
[2019.01.11-06.18.01:096][478]LogModuleManager: Shutting down and abandoning module GitSourceControl (320)
[2019.01.11-06.18.01:096][478]LogModuleManager: Shutting down and abandoning module SourceControl (319)
[2019.01.11-06.18.01:096][478]LogModuleManager: Shutting down and abandoning module CLionSourceCodeAccess (316)
[2019.01.11-06.18.01:096][478]LogModuleManager: Shutting down and abandoning module ActorLayerUtilitiesEditor (314)
[2019.01.11-06.18.01:096][478]LogModuleManager: Shutting down and abandoning module ActorLayerUtilities (312)
[2019.01.11-06.18.01:096][478]LogModuleManager: Shutting down and abandoning module LightPropagationVolumeEditor (310)
[2019.01.11-06.18.01:096][478]LogModuleManager: Shutting down and abandoning module PaperTiledImporter (308)
[2019.01.11-06.18.01:096][478]LogModuleManager: Shutting down and abandoning module PaperSpriteSheetImporter (306)
[2019.01.11-06.18.01:096][478]LogModuleManager: Shutting down and abandoning module Paper2DEditor (304)
[2019.01.11-06.18.01:096][478]LogModuleManager: Shutting down and abandoning module MeshPaint (303)
[2019.01.11-06.18.01:096][478]LogModuleManager: Shutting down and abandoning module MeshBuilder (299)
[2019.01.11-06.18.01:096][478]LogModuleManager: Shutting down and abandoning module RuntimePhysXCooking (296)
[2019.01.11-06.18.01:096][478]LogModuleManager: Shutting down and abandoning module PhysXVehiclesEditor (294)
[2019.01.11-06.18.01:096][478]LogModuleManager: Shutting down and abandoning module PhysXVehicles (292)
[2019.01.11-06.18.01:096][478]LogModuleManager: Shutting down and abandoning module OculusEditor (290)
[2019.01.11-06.18.01:096][478]LogModuleManager: Shutting down and abandoning module LocationServicesBPLibrary (288)
[2019.01.11-06.18.01:096][478]LogModuleManager: Shutting down and abandoning module ActorSequence (286)
[2019.01.11-06.18.01:096][478]LogModuleManager: Shutting down and abandoning module UdpMessaging (284)
[2019.01.11-06.18.01:197][478]LogModuleManager: Shutting down and abandoning module TcpMessaging (282)
[2019.01.11-06.18.01:298][478]LogModuleManager: Shutting down and abandoning module MagicLeapAudio (280)
[2019.01.11-06.18.01:298][478]LogModuleManager: Shutting down and abandoning module GameplayTagsEditor (278)
[2019.01.11-06.18.01:298][478]LogModuleManager: Shutting down and abandoning module FacialAnimationEditor (276)
[2019.01.11-06.18.01:298][478]LogModuleManager: Shutting down and abandoning module FacialAnimation (274)
[2019.01.11-06.18.01:298][478]LogModuleManager: Shutting down and abandoning module DataValidation (272)
[2019.01.11-06.18.01:298][478]LogModuleManager: Shutting down and abandoning module AssetManagerEditor (270)
[2019.01.11-06.18.01:298][478]LogModuleManager: Shutting down and abandoning module LevelEditor (269)
[2019.01.11-06.18.01:298][478]LogModuleManager: Shutting down and abandoning module PixelInspectorModule (268)
[2019.01.11-06.18.01:298][478]LogModuleManager: Shutting down and abandoning module CommonMenuExtensions (266)
[2019.01.11-06.18.01:298][478]LogModuleManager: Shutting down and abandoning module MainFrame (264)
[2019.01.11-06.18.01:298][478]LogModuleManager: Shutting down and abandoning module HotReload (263)
[2019.01.11-06.18.01:299][478]LogModuleManager: Shutting down and abandoning module ContentBrowser (259)
[2019.01.11-06.18.01:299][478]LogModuleManager: Shutting down and abandoning module TreeMap (257)
[2019.01.11-06.18.01:299][478]LogModuleManager: Shutting down and abandoning module LightPropagationVolumeRuntime (254)
[2019.01.11-06.18.01:299][478]LogModuleManager: Shutting down and abandoning module AISupportModule (252)
[2019.01.11-06.18.01:299][478]LogModuleManager: Shutting down and abandoning module Paper2D (250)
[2019.01.11-06.18.01:299][478]LogModuleManager: Shutting down and abandoning module WindowsMoviePlayer (248)
[2019.01.11-06.18.01:299][478]LogModuleManager: Shutting down and abandoning module WebMMoviePlayer (246)
[2019.01.11-06.18.01:299][478]LogModuleManager: Shutting down and abandoning module WmfMedia (244)
[2019.01.11-06.18.01:300][478]LogModuleManager: Shutting down and abandoning module Media (243)
[2019.01.11-06.18.01:306][478]LogModuleManager: Shutting down and abandoning module PacketHandler (240)
[2019.01.11-06.18.01:306][478]LogModuleManager: Shutting down and abandoning module ClothingSystemEditor (238)
[2019.01.11-06.18.01:306][478]LogModuleManager: Shutting down and abandoning module ClothingSystemRuntime (236)
[2019.01.11-06.18.01:306][478]LogModuleManager: Shutting down and abandoning module MediaAssets (234)
[2019.01.11-06.18.01:306][478]LogModuleManager: Shutting down and abandoning module Overlay (232)
[2019.01.11-06.18.01:306][478]LogModuleManager: Shutting down and abandoning module OverlayEditor (231)
[2019.01.11-06.18.01:306][478]LogModuleManager: Shutting down and abandoning module VREditor (228)
[2019.01.11-06.18.01:306][478]LogModuleManager: Shutting down and abandoning module StringTableEditor (226)
[2019.01.11-06.18.01:306][478]LogModuleManager: Shutting down and abandoning module GameplayTasksEditor (224)
[2019.01.11-06.18.01:306][478]LogModuleManager: Shutting down and abandoning module BehaviorTreeEditor (222)
[2019.01.11-06.18.01:306][478]LogModuleManager: Shutting down and abandoning module FunctionalTesting (220)
[2019.01.11-06.18.01:306][478]LogModuleManager: Shutting down and abandoning module CollisionAnalyzer (218)
[2019.01.11-06.18.01:306][478]LogModuleManager: Shutting down and abandoning module WorkspaceMenuStructure (217)
[2019.01.11-06.18.01:306][478]LogModuleManager: Shutting down and abandoning module UMG (214)
[2019.01.11-06.18.01:306][478]LogModuleManager: Shutting down and abandoning module UMGEditor (213)
[2019.01.11-06.18.01:306][478]LogModuleManager: Shutting down and abandoning module Sequencer (212)
[2019.01.11-06.18.01:306][478]LogModuleManager: Shutting down and abandoning module MessageLog (209)
[2019.01.11-06.18.01:306][478]LogModuleManager: Shutting down and abandoning module SlateReflector (204)
[2019.01.11-06.18.01:306][478]LogModuleManager: Shutting down and abandoning module Slate (202)
[2019.01.11-06.18.01:306][478]LogModuleManager: Shutting down and abandoning module EditorStyle (200)
[2019.01.11-06.18.01:307][478]LogModuleManager: Shutting down and abandoning module MRMesh (198)
[2019.01.11-06.18.01:307][478]LogModuleManager: Shutting down and abandoning module SourceCodeAccess (196)
[2019.01.11-06.18.01:307][478]LogModuleManager: Shutting down and abandoning module HeadMountedDisplay (194)
[2019.01.11-06.18.01:307][478]LogModuleManager: Shutting down and abandoning module XAudio2 (192)
[2019.01.11-06.18.01:307][478]LogModuleManager: Shutting down and abandoning module Networking (190)
[2019.01.11-06.18.01:307][478]LogModuleManager: Shutting down and abandoning module Core (188)
[2019.01.11-06.18.01:307][478]LogModuleManager: Shutting down and abandoning module LevelSequence (186)
[2019.01.11-06.18.01:307][478]LogModuleManager: Shutting down and abandoning module KismetCompiler (184)
[2019.01.11-06.18.01:307][478]LogModuleManager: Shutting down and abandoning module MeshUtilities (182)
[2019.01.11-06.18.01:307][478]LogModuleManager: Shutting down and abandoning module MeshMergeUtilities (181)
[2019.01.11-06.18.01:307][478]LogModuleManager: Shutting down and abandoning module MeshReductionInterface (180)
[2019.01.11-06.18.01:307][478]LogModuleManager: Shutting down and abandoning module SimplygonSwarm (179)
[2019.01.11-06.18.01:307][478]LogModuleManager: Shutting down and abandoning module ProxyLODMeshReduction (177)
[2019.01.11-06.18.01:308][478]LogModuleManager: Shutting down and abandoning module SimplygonMeshReduction (175)
[2019.01.11-06.18.01:308][478]LogModuleManager: Shutting down and abandoning module QuadricMeshReduction (173)
[2019.01.11-06.18.01:308][478]LogModuleManager: Shutting down and abandoning module MaterialBaking (169)
[2019.01.11-06.18.01:308][478]LogModuleManager: Shutting down and abandoning module DirectoryWatcher (165)
[2019.01.11-06.18.01:308][478]LogModuleManager: Shutting down and abandoning module DerivedDataCache (162)
[2019.01.11-06.18.01:357][478]LogDerivedDataCache: Shutdown
[2019.01.11-06.18.01:357][478]LogModuleManager: Shutting down and abandoning module XGEController (160)
[2019.01.11-06.18.01:357][478]LogModuleManager: Shutting down and abandoning module TargetPlatform (158)
[2019.01.11-06.18.01:357][478]LogModuleManager: Shutting down and abandoning module VulkanShaderFormat (157)
[2019.01.11-06.18.01:357][478]LogModuleManager: Shutting down and abandoning module ShaderFormatVectorVM (155)
[2019.01.11-06.18.01:357][478]LogModuleManager: Shutting down and abandoning module ShaderFormatOpenGL (153)
[2019.01.11-06.18.01:357][478]LogModuleManager: Shutting down and abandoning module ShaderFormatD3D (151)
[2019.01.11-06.18.01:357][478]LogModuleManager: Shutting down and abandoning module MetalShaderFormat (149)
[2019.01.11-06.18.01:357][478]LogModuleManager: Shutting down and abandoning module TextureFormatUncompressed (147)
[2019.01.11-06.18.01:357][478]LogModuleManager: Shutting down and abandoning module TextureFormatPVR (145)
[2019.01.11-06.18.01:357][478]LogModuleManager: Shutting down and abandoning module TextureFormatDXT (143)
[2019.01.11-06.18.01:357][478]LogModuleManager: Shutting down and abandoning module TextureFormatIntelISPCTexComp (141)
[2019.01.11-06.18.01:357][478]LogModuleManager: Shutting down and abandoning module TextureFormatASTC (139)
[2019.01.11-06.18.01:357][478]LogModuleManager: Shutting down and abandoning module ImageWrapper (138)
[2019.01.11-06.18.01:357][478]LogModuleManager: Shutting down and abandoning module TextureFormatAndroid (135)
[2019.01.11-06.18.01:357][478]LogModuleManager: Shutting down and abandoning module AudioFormatOpus (133)
[2019.01.11-06.18.01:357][478]LogModuleManager: Shutting down and abandoning module AudioFormatOgg (131)
[2019.01.11-06.18.01:357][478]LogModuleManager: Shutting down and abandoning module AudioFormatADPCM (129)
[2019.01.11-06.18.01:357][478]LogModuleManager: Shutting down and abandoning module LuminTargetPlatform (127)
[2019.01.11-06.18.01:358][478]LogModuleManager: Shutting down and abandoning module LinuxTargetPlatform (125)
[2019.01.11-06.18.01:358][478]LogModuleManager: Shutting down and abandoning module LinuxServerTargetPlatform (123)
[2019.01.11-06.18.01:358][478]LogModuleManager: Shutting down and abandoning module LinuxNoEditorTargetPlatform (121)
[2019.01.11-06.18.01:358][478]LogModuleManager: Shutting down and abandoning module LinuxClientTargetPlatform (119)
[2019.01.11-06.18.01:358][478]LogModuleManager: Shutting down and abandoning module TVOSTargetPlatform (117)
[2019.01.11-06.18.01:358][478]LogModuleManager: Shutting down and abandoning module Messaging (115)
[2019.01.11-06.18.01:358][478]LogModuleManager: Shutting down and abandoning module IOSTargetPlatform (113)
[2019.01.11-06.18.01:359][478]LogModuleManager: Shutting down and abandoning module HTML5TargetPlatform (111)
[2019.01.11-06.18.01:359][478]LogModuleManager: Shutting down and abandoning module AndroidTargetPlatform (109)
[2019.01.11-06.18.01:362][478]LogModuleManager: Shutting down and abandoning module WindowsTargetPlatform (107)
[2019.01.11-06.18.01:362][478]LogModuleManager: Shutting down and abandoning module WindowsServerTargetPlatform (105)
[2019.01.11-06.18.01:362][478]LogModuleManager: Shutting down and abandoning module WindowsNoEditorTargetPlatform (103)
[2019.01.11-06.18.01:362][478]LogModuleManager: Shutting down and abandoning module WindowsClientTargetPlatform (101)
[2019.01.11-06.18.01:362][478]LogModuleManager: Shutting down and abandoning module MacTargetPlatform (99)
[2019.01.11-06.18.01:362][478]LogModuleManager: Shutting down and abandoning module MacServerTargetPlatform (97)
[2019.01.11-06.18.01:362][478]LogModuleManager: Shutting down and abandoning module MacNoEditorTargetPlatform (95)
[2019.01.11-06.18.01:362][478]LogModuleManager: Shutting down and abandoning module MacClientTargetPlatform (93)
[2019.01.11-06.18.01:362][478]LogModuleManager: Shutting down and abandoning module AllDesktopTargetPlatform (91)
[2019.01.11-06.18.01:362][478]LogModuleManager: Shutting down and abandoning module InputCore (88)
[2019.01.11-06.18.01:362][478]LogModuleManager: Shutting down and abandoning module Settings (86)
[2019.01.11-06.18.01:362][478]LogModuleManager: Shutting down and abandoning module PhysXCooking (84)
[2019.01.11-06.18.01:362][478]LogModuleManager: Shutting down and abandoning module SteamVR (82)
[2019.01.11-06.18.01:362][478]LogHMD: Freeing OpenVRDLLHandle.
[2019.01.11-06.18.01:362][478]LogModuleManager: Shutting down and abandoning module OculusHMD (80)
[2019.01.11-06.18.01:362][478]LogModuleManager: Shutting down and abandoning module ExampleDeviceProfileSelector (78)
[2019.01.11-06.18.01:362][478]LogModuleManager: Shutting down and abandoning module LauncherChunkInstaller (76)
[2019.01.11-06.18.01:362][478]LogModuleManager: Shutting down and abandoning module OnlineBlueprintSupport (74)
[2019.01.11-06.18.01:362][478]LogModuleManager: Shutting down and abandoning module OnlineSubsystem (70)
[2019.01.11-06.18.01:363][478]LogModuleManager: Shutting down and abandoning module XMPP (65)
[2019.01.11-06.18.01:363][478]LogModuleManager: Shutting down and abandoning module WebSockets (64)
[2019.01.11-06.18.01:398][478]LogModuleManager: Shutting down and abandoning module HTTP (61)
[2019.01.11-06.18.01:398][478]LogHttp: Display: Http module shutting down, but needs to wait on 1 outstanding Http requests:
[2019.01.11-06.18.01:398][478]LogHttp: Display: 	verb=[POST] url=[https://datarouter.ol.epicgames.com/datarouter/api/v1/public/data?SessionID=%7B73EAD3BB-49F2-BA83-7712-E8B1622F8AC0%7D&AppID=UEEditor.Rocket.Release&AppVersion=4.21.1-4613538%2B%2B%2BUE4%2BRelease-4.21&UserID=b31a55aa4f55cecabf1a33bece970547%7Cbfd710ac247c414c8f8999e9dbde9b94%7C9dcb921d-106a-4717-8ec6-65961abc788e&AppEnvironment=datacollector-binary&UploadType=eteventstream] status=Processing
[2019.01.11-06.18.01:424][478]LogModuleManager: Shutting down and abandoning module SSL (60)
[2019.01.11-06.18.01:426][478]LogModuleManager: Shutting down and abandoning module MagicLeapIdentity (56)
[2019.01.11-06.18.01:426][478]LogModuleManager: Shutting down and abandoning module MagicLeapHelperVulkan (54)
[2019.01.11-06.18.01:426][478]LogModuleManager: Shutting down and abandoning module MagicLeapHelperOpenGL (52)
[2019.01.11-06.18.01:426][478]LogModuleManager: Shutting down and abandoning module MagicLeapSecureStorage (50)
[2019.01.11-06.18.01:426][478]LogModuleManager: Shutting down and abandoning module MagicLeapHandTracking (48)
[2019.01.11-06.18.01:426][478]LogModuleManager: Shutting down and abandoning module MagicLeapEyeTracker (46)
[2019.01.11-06.18.01:426][478]LogModuleManager: Shutting down and abandoning module MagicLeapController (44)
[2019.01.11-06.18.01:426][478]LogSlate: Slate User Destroyed.  User Index 0, Is Virtual User: 0
[2019.01.11-06.18.01:426][478]LogModuleManager: Shutting down and abandoning module MagicLeap (42)
[2019.01.11-06.18.01:427][478]LogModuleManager: Shutting down and abandoning module DatasmithContent (40)
[2019.01.11-06.18.01:427][478]LogModuleManager: Shutting down and abandoning module DesktopPlatform (38)
[2019.01.11-06.18.01:427][478]LogModuleManager: Shutting down and abandoning module AnimationModifiers (36)
[2019.01.11-06.18.01:427][478]LogModuleManager: Shutting down and abandoning module PropertyEditor (35)
[2019.01.11-06.18.01:427][478]LogModuleManager: Shutting down and abandoning module AudioEditor (32)
[2019.01.11-06.18.01:427][478]LogModuleManager: Shutting down and abandoning module TextureCompressor (30)
[2019.01.11-06.18.01:427][478]LogModuleManager: Shutting down and abandoning module ShaderCore (28)
[2019.01.11-06.18.01:427][478]LogModuleManager: Shutting down and abandoning module Landscape (26)
[2019.01.11-06.18.01:427][478]LogModuleManager: Shutting down and abandoning module SlateRHIRenderer (24)
[2019.01.11-06.18.01:427][478]LogModuleManager: Shutting down and abandoning module OpenGLDrv (22)
[2019.01.11-06.18.01:427][478]LogModuleManager: Shutting down and abandoning module D3D11RHI (20)
[2019.01.11-06.18.01:427][478]LogModuleManager: Shutting down and abandoning module AnimGraphRuntime (18)
[2019.01.11-06.18.01:427][478]LogModuleManager: Shutting down and abandoning module Renderer (16)
[2019.01.11-06.18.01:427][478]LogModuleManager: Shutting down and abandoning module Engine (14)
[2019.01.11-06.18.01:427][478]LogModuleManager: Shutting down and abandoning module CoreUObject (12)
[2019.01.11-06.18.01:427][478]LogModuleManager: Shutting down and abandoning module NetworkFile (10)
[2019.01.11-06.18.01:427][478]LogModuleManager: Shutting down and abandoning module CookedIterativeFile (8)
[2019.01.11-06.18.01:427][478]LogModuleManager: Shutting down and abandoning module StreamingFile (6)
[2019.01.11-06.18.01:427][478]LogModuleManager: Shutting down and abandoning module SandboxFile (4)
[2019.01.11-06.18.01:427][478]LogModuleManager: Shutting down and abandoning module PakFile (2)
[2019.01.11-06.18.01:442][478]LogExit: Exiting.
[2019.01.11-06.18.01:457][478]Log file closed, 01/11/19 17:18:01
